<?xml version="1.0" encoding="UTF-8"?>
<coverage generated="1677278452732" clover="3.2.0">
  <project timestamp="1677278452732" name="All files">
    <metrics statements="19" coveredstatements="19" conditionals="10" coveredconditionals="10" methods="10" coveredmethods="10" elements="39" coveredelements="39" complexity="0" loc="19" ncloc="19" packages="2" files="5" classes="5"/>
    <package name="components">
      <metrics statements="17" coveredstatements="17" conditionals="10" coveredconditionals="10" methods="7" coveredmethods="7"/>
      <file name="AboutMe.vue" path="/home/samerius/Portfolio/portfolio/src/components/AboutMe.vue">
        <metrics statements="2" coveredstatements="2" conditionals="0" coveredconditionals="0" methods="1" coveredmethods="1"/>
        <line num="41" count="1" type="stmt"/>
        <line num="43" count="3" type="stmt"/>
      </file>
      <file name="BaseHeader.vue" path="/home/samerius/Portfolio/portfolio/src/components/BaseHeader.vue">
        <metrics statements="1" coveredstatements="1" conditionals="0" coveredconditionals="0" methods="0" coveredmethods="0"/>
        <line num="10" count="1" type="stmt"/>
      </file>
      <file name="BaseSidebar.vue" path="/home/samerius/Portfolio/portfolio/src/components/BaseSidebar.vue">
        <metrics statements="7" coveredstatements="7" conditionals="2" coveredconditionals="2" methods="3" coveredmethods="3"/>
        <line num="66" count="1" type="stmt"/>
        <line num="77" count="1" type="stmt"/>
        <line num="79" count="3" type="stmt"/>
        <line num="89" count="7" type="cond" truecount="2" falsecount="0"/>
        <line num="90" count="4" type="stmt"/>
        <line num="91" count="1" type="stmt"/>
        <line num="94" count="3" type="stmt"/>
      </file>
      <file name="PostTag.vue" path="/home/samerius/Portfolio/portfolio/src/components/PostTag.vue">
        <metrics statements="7" coveredstatements="7" conditionals="8" coveredconditionals="8" methods="3" coveredmethods="3"/>
        <line num="20" count="3" type="stmt"/>
        <line num="29" count="11" type="stmt"/>
        <line num="32" count="11" type="stmt"/>
        <line num="34" count="11" type="cond" truecount="2" falsecount="0"/>
        <line num="37" count="11" type="stmt"/>
        <line num="44" count="11" type="stmt"/>
        <line num="49" count="2" type="cond" truecount="2" falsecount="0"/>
      </file>
    </package>
    <package name="store">
      <metrics statements="2" coveredstatements="2" conditionals="0" coveredconditionals="0" methods="3" coveredmethods="3"/>
      <file name="index.js" path="/home/samerius/Portfolio/portfolio/src/store/index.js">
        <metrics statements="2" coveredstatements="2" conditionals="0" coveredconditionals="0" methods="3" coveredmethods="3"/>
        <line num="9" count="1" type="stmt"/>
        <line num="12" count="1" type="stmt"/>
      </file>
    </package>
  </project>
</coverage>
