{"/home/samerius/Portfolio/portfolio/src/main.js": {"path":"/home/samerius/Portfolio/portfolio/src/main.js","statementMap":{"0":{"start":{"line":7,"column":0},"end":{"line":7,"column":52}}},"fnMap":{},"branchMap":{},"s":{"0":0},"f":{},"b":{}}
,"/home/samerius/Portfolio/portfolio/src/components/AboutMe.vue": {"path":"/home/samerius/Portfolio/portfolio/src/components/AboutMe.vue","statementMap":{"0":{"start":{"line":10,"column":15},"end":{"line":10,"column":null}}},"fnMap":{},"branchMap":{},"s":{"0":0},"f":{},"b":{}}
,"/home/samerius/Portfolio/portfolio/src/components/BaseHeader.vue": {"path":"/home/samerius/Portfolio/portfolio/src/components/BaseHeader.vue","statementMap":{"0":{"start":{"line":10,"column":15},"end":{"line":10,"column":null}}},"fnMap":{},"branchMap":{},"s":{"0":1},"f":{},"b":{}}
,"/home/samerius/Portfolio/portfolio/src/components/BaseSidebar.vue": {"path":"/home/samerius/Portfolio/portfolio/src/components/BaseSidebar.vue","statementMap":{"0":{"start":{"line":66,"column":20},"end":{"line":66,"column":null}},"1":{"start":{"line":77,"column":15},"end":{"line":77,"column":null}},"2":{"start":{"line":79,"column":4},"end":{"line":79,"column":11}},"3":{"start":{"line":89,"column":8},"end":{"line":95,"column":null}},"4":{"start":{"line":90,"column":10},"end":{"line":90,"column":20}},"5":{"start":{"line":91,"column":12},"end":{"line":91,"column":17}},"6":{"start":{"line":94,"column":10},"end":{"line":94,"column":15}}},"fnMap":{"0":{"name":"(anonymous_0)","decl":{"start":{"line":78,"column":2},"end":{"line":78,"column":6}},"loc":{"start":{"line":78,"column":9},"end":{"line":84,"column":null}}},"1":{"name":"(anonymous_1)","decl":{"start":{"line":88,"column":6},"end":{"line":88,"column":12}},"loc":{"start":{"line":88,"column":28},"end":{"line":96,"column":null}}},"2":{"name":"(anonymous_2)","decl":{"start":{"line":90,"column":21},"end":{"line":90,"column":27}},"loc":{"start":{"line":90,"column":27},"end":{"line":92,"column":13}}}},"branchMap":{"0":{"loc":{"start":{"line":89,"column":8},"end":{"line":95,"column":null}},"type":"if","locations":[{"start":{"line":89,"column":8},"end":{"line":95,"column":null}},{"start":{"line":93,"column":15},"end":{"line":95,"column":null}}]}},"s":{"0":1,"1":1,"2":3,"3":7,"4":4,"5":1,"6":3},"f":{"0":3,"1":7,"2":1},"b":{"0":[4,3]}}
,"/home/samerius/Portfolio/portfolio/src/components/PostTag.vue": {"path":"/home/samerius/Portfolio/portfolio/src/components/PostTag.vue","statementMap":{"0":{"start":{"line":14,"column":15},"end":{"line":14,"column":null}},"1":{"start":{"line":23,"column":6},"end":{"line":23,"column":13}},"2":{"start":{"line":26,"column":21},"end":{"line":26,"column":null}},"3":{"start":{"line":28,"column":6},"end":{"line":28,"column":14}},"4":{"start":{"line":31,"column":6},"end":{"line":31,"column":14}},"5":{"start":{"line":38,"column":6},"end":{"line":38,"column":13}},"6":{"start":{"line":43,"column":6},"end":{"line":43,"column":11}}},"fnMap":{"0":{"name":"(anonymous_0)","decl":{"start":{"line":22,"column":4},"end":{"line":22,"column":24}},"loc":{"start":{"line":22,"column":27},"end":{"line":24,"column":null}}},"1":{"name":"(anonymous_1)","decl":{"start":{"line":25,"column":4},"end":{"line":25,"column":12}},"loc":{"start":{"line":25,"column":15},"end":{"line":39,"column":null}}},"2":{"name":"(anonymous_2)","decl":{"start":{"line":42,"column":4},"end":{"line":42,"column":15}},"loc":{"start":{"line":42,"column":18},"end":{"line":46,"column":null}}}},"branchMap":{"0":{"loc":{"start":{"line":28,"column":18},"end":{"line":30,"column":null}},"type":"cond-expr","locations":[{"start":{"line":29,"column":10},"end":{"line":29,"column":null}},{"start":{"line":30,"column":10},"end":{"line":30,"column":null}}]},"1":{"loc":{"start":{"line":32,"column":8},"end":{"line":36,"column":null}},"type":"cond-expr","locations":[{"start":{"line":33,"column":12},"end":{"line":33,"column":null}},{"start":{"line":34,"column":12},"end":{"line":36,"column":null}}]},"2":{"loc":{"start":{"line":34,"column":12},"end":{"line":36,"column":null}},"type":"cond-expr","locations":[{"start":{"line":35,"column":12},"end":{"line":35,"column":null}},{"start":{"line":36,"column":12},"end":{"line":36,"column":null}}]},"3":{"loc":{"start":{"line":43,"column":6},"end":{"line":45,"column":15}},"type":"cond-expr","locations":[{"start":{"line":44,"column":10},"end":{"line":44,"column":15}},{"start":{"line":45,"column":10},"end":{"line":45,"column":15}}]}},"s":{"0":3,"1":11,"2":11,"3":11,"4":11,"5":11,"6":2},"f":{"0":11,"1":11,"2":2},"b":{"0":[3,8],"1":[3,8],"2":[3,5],"3":[1,1]}}
,"/home/samerius/Portfolio/portfolio/src/router/index.js": {"path":"/home/samerius/Portfolio/portfolio/src/router/index.js","statementMap":{"0":{"start":{"line":4,"column":15},"end":{"line":22,"column":1}},"1":{"start":{"line":14,"column":6},"end":{"line":14,"column":70}},"2":{"start":{"line":20,"column":6},"end":{"line":20,"column":72}},"3":{"start":{"line":24,"column":15},"end":{"line":27,"column":2}}},"fnMap":{"0":{"name":"(anonymous_0)","decl":{"start":{"line":13,"column":15},"end":{"line":13,"column":16}},"loc":{"start":{"line":14,"column":6},"end":{"line":14,"column":70}},"line":14},"1":{"name":"(anonymous_1)","decl":{"start":{"line":19,"column":15},"end":{"line":19,"column":16}},"loc":{"start":{"line":20,"column":6},"end":{"line":20,"column":72}},"line":20}},"branchMap":{},"s":{"0":0,"1":0,"2":0,"3":0},"f":{"0":0,"1":0},"b":{}}
,"/home/samerius/Portfolio/portfolio/src/store/index.js": {"path":"/home/samerius/Portfolio/portfolio/src/store/index.js","statementMap":{"0":{"start":{"line":9,"column":6},"end":{"line":9,"column":34}},"1":{"start":{"line":12,"column":6},"end":{"line":12,"column":69}},"2":{"start":{"line":12,"column":58},"end":{"line":12,"column":67}}},"fnMap":{"0":{"name":"(anonymous_0)","decl":{"start":{"line":8,"column":4},"end":{"line":8,"column":5}},"loc":{"start":{"line":8,"column":24},"end":{"line":10,"column":5}},"line":8},"1":{"name":"(anonymous_1)","decl":{"start":{"line":11,"column":4},"end":{"line":11,"column":5}},"loc":{"start":{"line":11,"column":27},"end":{"line":13,"column":5}},"line":11},"2":{"name":"(anonymous_2)","decl":{"start":{"line":12,"column":51},"end":{"line":12,"column":52}},"loc":{"start":{"line":12,"column":58},"end":{"line":12,"column":67}},"line":12}},"branchMap":{},"s":{"0":1,"1":1,"2":1},"f":{"0":1,"1":1,"2":1},"b":{},"_coverageSchema":"1a1c01bbd47fc00a2c39e90264f33305004495a9","hash":"8d9161727691f892d119c27a16a3bdb8620ff45a"}
}
