{"/home/samerius/Portfolio/portfolio/src/components/AboutMe.vue": {"path":"/home/samerius/Portfolio/portfolio/src/components/AboutMe.vue","statementMap":{"0":{"start":{"line":4,"column":0},"end":{"line":6,"column":3}},"1":{"start":{"line":7,"column":0},"end":{"line":7,"column":25}},"2":{"start":{"line":8,"column":15},"end":{"line":33,"column":1}},"3":{"start":{"line":10,"column":4},"end":{"line":31,"column":6}},"4":{"start":{"line":36,"column":0},"end":{"line":36,"column":13}},"5":{"start":{"line":38,"column":0},"end":{"line":40,"column":3}},"6":{"start":{"line":41,"column":0},"end":{"line":41,"column":24}},"7":{"start":{"line":42,"column":11},"end":{"line":42,"column":25}},"8":{"start":{"line":43,"column":19},"end":{"line":45,"column":1}},"9":{"start":{"line":46,"column":19},"end":{"line":48,"column":1}},"10":{"start":{"line":49,"column":19},"end":{"line":51,"column":1}},"11":{"start":{"line":52,"column":19},"end":{"line":52,"column":33}},"12":{"start":{"line":53,"column":32},"end":{"line":58,"column":166}},"13":{"start":{"line":61,"column":2},"end":{"line":75,"column":47}},"14":{"start":{"line":62,"column":4},"end":{"line":74,"column":59}},"15":{"start":{"line":66,"column":6},"end":{"line":69,"column":65}},"16":{"start":{"line":76,"column":2},"end":{"line":76,"column":49}}},"fnMap":{"0":{"name":"(anonymous_0)","decl":{"start":{"line":9,"column":2},"end":{"line":9,"column":3}},"loc":{"start":{"line":9,"column":9},"end":{"line":32,"column":3}},"line":9},"1":{"name":"render","decl":{"start":{"line":60,"column":9},"end":{"line":60,"column":15}},"loc":{"start":{"line":60,"column":30},"end":{"line":76,"column":1}},"line":60},"2":{"name":"(anonymous_2)","decl":{"start":{"line":61,"column":197},"end":{"line":61,"column":198}},"loc":{"start":{"line":61,"column":209},"end":{"line":75,"column":3}},"line":61},"3":{"name":"(anonymous_3)","decl":{"start":{"line":65,"column":288},"end":{"line":65,"column":289}},"loc":{"start":{"line":65,"column":297},"end":{"line":70,"column":5}},"line":65}},"branchMap":{},"s":{"0":1,"1":1,"2":1,"3":3,"4":1,"5":1,"6":1,"7":1,"8":1,"9":1,"10":1,"11":1,"12":1,"13":3,"14":6,"15":6,"16":1},"f":{"0":3,"1":3,"2":6,"3":6},"b":{},"inputSourceMap":{"0":"{","1":"\"","2":"v","3":"e","4":"r","5":"s","6":"i","7":"o","8":"n","9":"\"","10":":","11":"3","12":",","13":"\"","14":"s","15":"o","16":"u","17":"r","18":"c","19":"e","20":"s","21":"\"","22":":","23":"[","24":"\"","25":"/","26":"h","27":"o","28":"m","29":"e","30":"/","31":"s","32":"a","33":"m","34":"e","35":"r","36":"i","37":"u","38":"s","39":"/","40":"P","41":"o","42":"r","43":"t","44":"f","45":"o","46":"l","47":"i","48":"o","49":"/","50":"p","51":"o","52":"r","53":"t","54":"f","55":"o","56":"l","57":"i","58":"o","59":"/","60":"s","61":"r","62":"c","63":"/","64":"c","65":"o","66":"m","67":"p","68":"o","69":"n","70":"e","71":"n","72":"t","73":"s","74":"/","75":"A","76":"b","77":"o","78":"u","79":"t","80":"M","81":"e","82":".","83":"v","84":"u","85":"e","86":"\"","87":"]","88":",","89":"\"","90":"n","91":"a","92":"m","93":"e","94":"s","95":"\"","96":":","97":"[","98":"]","99":",","100":"\"","101":"m","102":"a","103":"p","104":"p","105":"i","106":"n","107":"g","108":"s","109":"\"","110":":","111":"\"","112":";","113":";","114":";","115":";","116":";","117":";","118":";","119":"e","120":"A","121":"w","122":"C","123":"e","124":";","125":"E","126":"A","127":"C","128":"b","129":",","130":"I","131":"A","132":"A","133":"I","134":",","135":"G","136":"A","137":"A","138":"G","139":";","140":"I","141":"A","142":"C","143":"L","144":",","145":"O","146":"A","147":"A","148":"O","149":";","150":"M","151":"A","152":"C","153":"L","154":",","155":"U","156":"A","157":"A","158":"U","159":",","160":"E","161":"A","162":"A","163":"E","164":",","165":"O","166":"A","167":"A","168":"O","169":",","170":"C","171":"A","172":"A","173":"C","174":",","175":"G","176":"A","177":"A","178":"G","179":",","180":"C","181":"A","182":"A","183":"C","184":",","185":"Q","186":"A","187":"A","188":"Q","189":";","190":"M","191":"A","192":"C","193":"h","194":"C","195":",","196":"U","197":"A","198":"A","199":"U","200":",","201":"E","202":"A","203":"A","204":"E","205":",","206":"C","207":"A","208":"C","209":"V","210":";","211":"Q","212":"A","213":"C","214":"E","215":",","216":"K","217":"A","218":"A","219":"K","220":",","221":"E","222":"A","223":"A","224":"E","225":",","226":"a","227":"A","228":"A","229":"a","230":";","231":"Q","232":"A","233":"C","234":"p","235":"B","236":",","237":"O","238":"A","239":"A","240":"O","241":",","242":"E","243":"A","244":"A","245":"E","246":",","247":"C","248":"A","249":"C","250":"P","251":",","252":"o","253":"G","254":"A","255":"A","256":"o","257":"G","258":",","259":"E","260":"A","261":"C","262":"p","263":"G","264":",","265":"6","266":"H","267":"A","268":"A","269":"6","270":"H","271":",","272":"E","273":"A","274":"C","275":"7","276":"H","277":",","278":"u","279":"F","280":"A","281":"A","282":"u","283":"F","284":",","285":"E","286":"A","287":"C","288":"v","289":"F","290":",","291":"m","292":"H","293":"A","294":"A","295":"m","296":"H","297":",","298":"E","299":"A","300":"C","301":"n","302":"H","303":",","304":"u","305":"G","306":"A","307":"A","308":"u","309":"G","310":",","311":"C","312":"A","313":"C","314":"x","315":"G","316":";","317":"Q","318":"A","319":"C","320":"D","321":",","322":"G","323":"A","324":"A","325":"G","326":",","327":"E","328":"A","329":"A","330":"E","331":",","332":"g","333":"B","334":"A","335":"A","336":"g","337":"B","338":";","339":"Q","340":"A","341":"C","342":"r","343":"B","344":",","345":"M","346":"A","347":"A","348":"M","349":",","350":"E","351":"A","352":"C","353":"J","354":",","355":"g","356":"F","357":"A","358":"A","359":"g","360":"F","361":";","362":"Q","363":"A","364":"C","365":"l","366":"F","367":",","368":"M","369":"A","370":"A","371":"M","372":",","373":"E","374":"A","375":"A","376":"E","377":";","378":"M","379":"A","380":"C","381":"V","382":",","383":"C","384":"A","385":"A","386":"C","387":",","388":"E","389":"A","390":"C","391":"D","392":";","393":"Q","394":"A","395":"C","396":"E","397":",","398":"K","399":"A","400":"A","401":"K","402":",","403":"E","404":"A","405":"A","406":"E","407":",","408":"Q","409":"A","410":"A","411":"Q","412":";","413":"Q","414":"A","415":"C","416":"f","417":",","418":"O","419":"A","420":"A","421":"O","422":",","423":"E","424":"A","425":"A","426":"E","427":",","428":"C","429":"A","430":"C","431":"P","432":",","433":"+","434":"B","435":"A","436":"A","437":"+","438":"B","439":",","440":"E","441":"A","442":"C","443":"/","444":"B","445":",","446":"i","447":"D","448":"A","449":"A","450":"i","451":"D","452":",","453":"E","454":"A","455":"C","456":"j","457":"D","458":",","459":"w","460":"E","461":"A","462":"A","463":"w","464":"E","465":",","466":"E","467":"A","468":"C","469":"x","470":"E","471":",","472":"k","473":"F","474":"A","475":"A","476":"k","477":"F","478":",","479":"E","480":"A","481":"C","482":"l","483":"F","484":",","485":"6","486":"E","487":"A","488":"A","489":"6","490":"E","491":",","492":"E","493":"A","494":"C","495":"7","496":"E","497":",","498":"+","499":"E","500":"A","501":"A","502":"+","503":"E","504":",","505":"C","506":"A","507":"C","508":"h","509":"F","510":";","511":"Q","512":"A","513":"C","514":"D","515":",","516":"G","517":"A","518":"A","519":"G","520":",","521":"E","522":"A","523":"A","524":"E","525":",","526":"Y","527":"A","528":"A","529":"Y","530":";","531":"Q","532":"A","533":"C","534":"j","535":"B","536":",","537":"M","538":"A","539":"A","540":"M","541":",","542":"E","543":"A","544":"A","545":"E","546":",","547":"w","548":"C","549":"A","550":"A","551":"w","552":"C","553":";","554":"Q","555":"A","556":"C","557":"h","558":"D","559":",","560":"M","561":"A","562":"A","563":"M","564":",","565":"E","566":"A","567":"A","568":"E","569":";","570":"M","571":"A","572":"C","573":"V","574":",","575":"C","576":"A","577":"A","578":"C","579":",","580":"E","581":"A","582":"C","583":"D","584":";","585":"Q","586":"A","587":"C","588":"E","589":",","590":"K","591":"A","592":"A","593":"K","594":",","595":"E","596":"A","597":"A","598":"E","599":",","600":"S","601":"A","602":"A","603":"S","604":";","605":"Q","606":"A","607":"C","608":"h","609":"B","610":",","611":"O","612":"A","613":"A","614":"O","615":",","616":"E","617":"A","618":"A","619":"E","620":",","621":"C","622":"A","623":"C","624":"P","625":",","626":"s","627":"I","628":"A","629":"A","630":"s","631":"I","632":",","633":"E","634":"A","635":"C","636":"t","637":"I","638":",","639":"2","640":"I","641":"A","642":"A","643":"2","644":"I","645":",","646":"E","647":"A","648":"C","649":"3","650":"I","651":",","652":"w","653":"E","654":"A","655":"A","656":"w","657":"E","658":",","659":"E","660":"A","661":"C","662":"x","663":"E","664":",","665":"o","666":"M","667":"A","668":"A","669":"o","670":"M","671":",","672":"C","673":"A","674":"C","675":"r","676":"M","677":";","678":"Q","679":"A","680":"C","681":"D","682":",","683":"G","684":"A","685":"A","686":"G","687":",","688":"E","689":"A","690":"A","691":"E","692":",","693":"W","694":"A","695":"A","696":"W","697":";","698":"Q","699":"A","700":"C","701":"h","702":"B","703":",","704":"M","705":"A","706":"A","707":"M","708":",","709":"E","710":"A","711":"A","712":"E","713":",","714":"u","715":"C","716":"A","717":"A","718":"u","719":"C","720":";","721":"Q","722":"A","723":"C","724":"/","725":"C","726":",","727":"M","728":"A","729":"A","730":"M","731":",","732":"E","733":"A","734":"A","735":"E","736":";","737":"M","738":"A","739":"C","740":"V","741":",","742":"C","743":"A","744":"A","745":"C","746":";","747":"I","748":"A","749":"E","750":"L","751":",","752":"C","753":"A","754":"A","755":"C","756":";","757":"E","758":"A","759":"C","760":"H","761":";","762":"A","763":"A","764":"C","765":"F","766":",","767":"C","768":"A","769":"A","770":"C","771":";","772":"A","773":"A","774":"A","775":"A","776":";","777":"A","778":"A","779":"A","780":"A","781":"\"","782":",","783":"\"","784":"f","785":"i","786":"l","787":"e","788":"\"","789":":","790":"\"","791":"/","792":"h","793":"o","794":"m","795":"e","796":"/","797":"s","798":"a","799":"m","800":"e","801":"r","802":"i","803":"u","804":"s","805":"/","806":"P","807":"o","808":"r","809":"t","810":"f","811":"o","812":"l","813":"i","814":"o","815":"/","816":"p","817":"o","818":"r","819":"t","820":"f","821":"o","822":"l","823":"i","824":"o","825":"/","826":"s","827":"r","828":"c","829":"/","830":"c","831":"o","832":"m","833":"p","834":"o","835":"n","836":"e","837":"n","838":"t","839":"s","840":"/","841":"A","842":"b","843":"o","844":"u","845":"t","846":"M","847":"e","848":".","849":"v","850":"u","851":"e","852":"\"","853":",","854":"\"","855":"s","856":"o","857":"u","858":"r","859":"c","860":"e","861":"s","862":"C","863":"o","864":"n","865":"t","866":"e","867":"n","868":"t","869":"\"","870":":","871":"[","872":"\"","873":"<","874":"t","875":"e","876":"m","877":"p","878":"l","879":"a","880":"t","881":"e","882":">","883":"\\","884":"n","885":" ","886":" ","887":"<","888":"d","889":"i","890":"v","891":" ","892":"c","893":"l","894":"a","895":"s","896":"s","897":"=","898":"\\","899":"\"","900":"f","901":"l","902":"e","903":"x","904":" ","905":"f","906":"l","907":"e","908":"x","909":"-","910":"c","911":"o","912":"l","913":" ","914":"w","915":"-","916":"s","917":"c","918":"r","919":"e","920":"e","921":"n","922":" ","923":"b","924":"g","925":"-","926":"z","927":"i","928":"n","929":"c","930":"-","931":"7","932":"0","933":"0","934":"\\","935":"\"","936":">","937":"\\","938":"n","939":" ","940":" ","941":" ","942":" ","943":"<","944":"d","945":"i","946":"v","947":"\\","948":"n","949":" ","950":" ","951":" ","952":" ","953":" ","954":" ","955":"v","956":"-","957":"f","958":"o","959":"r","960":"=","961":"\\","962":"\"","963":"c","964":"a","965":"t","966":"e","967":"g","968":"o","969":"r","970":"y","971":" ","972":"i","973":"n","974":" ","975":"c","976":"a","977":"t","978":"e","979":"g","980":"o","981":"r","982":"i","983":"e","984":"s","985":"\\","986":"\"","987":"\\","988":"n","989":" ","990":" ","991":" ","992":" ","993":" ","994":" ","995":":","996":"k","997":"e","998":"y","999":"=","1000":"\\","1001":"\"","1002":"c","1003":"a","1004":"t","1005":"e","1006":"g","1007":"o","1008":"r","1009":"y","1010":".","1011":"t","1012":"i","1013":"t","1014":"l","1015":"e","1016":"\\","1017":"\"","1018":"\\","1019":"n","1020":" ","1021":" ","1022":" ","1023":" ","1024":" ","1025":" ","1026":"c","1027":"l","1028":"a","1029":"s","1030":"s","1031":"=","1032":"\\","1033":"\"","1034":"f","1035":"l","1036":"e","1037":"x","1038":" ","1039":"f","1040":"l","1041":"e","1042":"x","1043":"-","1044":"c","1045":"o","1046":"l","1047":" ","1048":"h","1049":"-","1050":"[","1051":"2","1052":"2","1053":"0","1054":"]","1055":" ","1056":"s","1057":"m","1058":":","1059":"h","1060":"-","1061":"a","1062":"u","1063":"t","1064":"o","1065":" ","1066":"m","1067":"l","1068":"-","1069":"1","1070":"2","1071":" ","1072":"t","1073":"e","1074":"x","1075":"t","1076":"-","1077":"g","1078":"r","1079":"a","1080":"y","1081":"-","1082":"7","1083":"0","1084":"0","1085":" ","1086":"p","1087":"t","1088":"-","1089":"2","1090":" ","1091":"s","1092":"m","1093":":","1094":"p","1095":"t","1096":"-","1097":"3","1098":" ","1099":"p","1100":"b","1101":"-","1102":"1","1103":"0","1104":" ","1105":"s","1106":"m","1107":":","1108":"p","1109":"b","1110":"-","1111":"2","1112":"0","1113":" ","1114":"w","1115":"-","1116":"4","1117":"/","1118":"5","1119":" ","1120":"s","1121":"m","1122":":","1123":"m","1124":"x","1125":"-","1126":"a","1127":"u","1128":"t","1129":"o","1130":" ","1131":"t","1132":"e","1133":"x","1134":"t","1135":"-","1136":"c","1137":"e","1138":"n","1139":"t","1140":"e","1141":"r","1142":" ","1143":"r","1144":"o","1145":"u","1146":"n","1147":"d","1148":"e","1149":"d","1150":"-","1151":"m","1152":"d","1153":" ","1154":"m","1155":"y","1156":"-","1157":"5","1158":"\\","1159":"\"","1160":"\\","1161":"n","1162":" ","1163":" ","1164":" ","1165":" ","1166":" ","1167":" ","1168":":","1169":"c","1170":"l","1171":"a","1172":"s","1173":"s","1174":"=","1175":"\\","1176":"\"","1177":"c","1178":"a","1179":"t","1180":"e","1181":"g","1182":"o","1183":"r","1184":"y","1185":".","1186":"c","1187":"o","1188":"l","1189":"o","1190":"u","1191":"r","1192":"\\","1193":"\"","1194":"\\","1195":"n","1196":" ","1197":" ","1198":" ","1199":" ","1200":">","1201":"\\","1202":"n","1203":" ","1204":" ","1205":" ","1206":" ","1207":" ","1208":" ","1209":"<","1210":"h","1211":"2","1212":" ","1213":"c","1214":"l","1215":"a","1216":"s","1217":"s","1218":"=","1219":"\\","1220":"\"","1221":"t","1222":"e","1223":"x","1224":"t","1225":"-","1226":"4","1227":"x","1228":"l","1229":" ","1230":"s","1231":"m","1232":":","1233":"m","1234":"b","1235":"-","1236":"a","1237":"u","1238":"t","1239":"o","1240":" ","1241":"w","1242":"h","1243":"i","1244":"t","1245":"e","1246":"s","1247":"p","1248":"a","1249":"c","1250":"e","1251":"-","1252":"p","1253":"r","1254":"e","1255":"-","1256":"w","1257":"r","1258":"a","1259":"p","1260":" ","1261":"p","1262":"l","1263":"-","1264":"2","1265":"\\","1266":"\"","1267":">","1268":"\\","1269":"n","1270":" ","1271":" ","1272":" ","1273":" ","1274":" ","1275":" ","1276":" ","1277":" ","1278":"M","1279":"y","1280":" ","1281":"{","1282":"{","1283":" ","1284":"c","1285":"a","1286":"t","1287":"e","1288":"g","1289":"o","1290":"r","1291":"y","1292":".","1293":"t","1294":"i","1295":"t","1296":"l","1297":"e","1298":" ","1299":"}","1300":"}","1301":"\\","1302":"n","1303":" ","1304":" ","1305":" ","1306":" ","1307":" ","1308":" ","1309":"<","1310":"/","1311":"h","1312":"2","1313":">","1314":"\\","1315":"n","1316":" ","1317":" ","1318":" ","1319":" ","1320":" ","1321":" ","1322":"<","1323":"d","1324":"i","1325":"v","1326":" ","1327":"c","1328":"l","1329":"a","1330":"s","1331":"s","1332":"=","1333":"\\","1334":"\"","1335":"f","1336":"l","1337":"e","1338":"x","1339":" ","1340":"f","1341":"l","1342":"e","1343":"x","1344":"-","1345":"c","1346":"o","1347":"l","1348":" ","1349":"a","1350":"l","1351":"i","1352":"g","1353":"n","1354":"-","1355":"t","1356":"o","1357":"p","1358":" ","1359":"t","1360":"e","1361":"x","1362":"t","1363":"-","1364":"l","1365":"e","1366":"f","1367":"t","1368":"\\","1369":"\"","1370":">","1371":"\\","1372":"n","1373":" ","1374":" ","1375":" ","1376":" ","1377":" ","1378":" ","1379":" ","1380":" ","1381":"<","1382":"p","1383":"\\","1384":"n","1385":" ","1386":" ","1387":" ","1388":" ","1389":" ","1390":" ","1391":" ","1392":" ","1393":" ","1394":" ","1395":"v","1396":"-","1397":"f","1398":"o","1399":"r","1400":"=","1401":"\\","1402":"\"","1403":"e","1404":"n","1405":"t","1406":"r","1407":"y","1408":" ","1409":"i","1410":"n","1411":" ","1412":"c","1413":"a","1414":"t","1415":"e","1416":"g","1417":"o","1418":"r","1419":"y","1420":".","1421":"e","1422":"n","1423":"t","1424":"r","1425":"i","1426":"e","1427":"s","1428":"\\","1429":"\"","1430":"\\","1431":"n","1432":" ","1433":" ","1434":" ","1435":" ","1436":" ","1437":" ","1438":" ","1439":" ","1440":" ","1441":" ","1442":":","1443":"k","1444":"e","1445":"y","1446":"=","1447":"\\","1448":"\"","1449":"e","1450":"n","1451":"t","1452":"r","1453":"y","1454":".","1455":"s","1456":"p","1457":"l","1458":"i","1459":"t","1460":"(","1461":"'","1462":" ","1463":"'","1464":")","1465":".","1466":"j","1467":"o","1468":"i","1469":"n","1470":"(","1471":"'","1472":"-","1473":"'","1474":")","1475":"\\","1476":"\"","1477":"\\","1478":"n","1479":" ","1480":" ","1481":" ","1482":" ","1483":" ","1484":" ","1485":" ","1486":" ","1487":" ","1488":" ","1489":"c","1490":"l","1491":"a","1492":"s","1493":"s","1494":"=","1495":"\\","1496":"\"","1497":"f","1498":"l","1499":"e","1500":"x","1501":" ","1502":"t","1503":"e","1504":"x","1505":"t","1506":"-","1507":"b","1508":"a","1509":"s","1510":"e","1511":" ","1512":"s","1513":"m","1514":":","1515":"t","1516":"e","1517":"x","1518":"t","1519":"-","1520":"2","1521":"x","1522":"l","1523":" ","1524":"p","1525":"r","1526":"-","1527":"1","1528":" ","1529":"p","1530":"l","1531":"-","1532":"2","1533":" ","1534":"s","1535":"m","1536":":","1537":"p","1538":"r","1539":"-","1540":"2","1541":" ","1542":"p","1543":"b","1544":"-","1545":"[","1546":"3","1547":".","1548":"5","1549":"r","1550":"e","1551":"m","1552":"]","1553":"\\","1554":"\"","1555":"\\","1556":"n","1557":" ","1558":" ","1559":" ","1560":" ","1561":" ","1562":" ","1563":" ","1564":" ","1565":">","1566":"\\","1567":"n","1568":" ","1569":" ","1570":" ","1571":" ","1572":" ","1573":" ","1574":" ","1575":" ","1576":" ","1577":" ","1578":"·","1579":" ","1580":"{","1581":"{","1582":" ","1583":"e","1584":"n","1585":"t","1586":"r","1587":"y","1588":" ","1589":"}","1590":"}","1591":"\\","1592":"n","1593":" ","1594":" ","1595":" ","1596":" ","1597":" ","1598":" ","1599":" ","1600":" ","1601":"<","1602":"/","1603":"p","1604":">","1605":"\\","1606":"n","1607":" ","1608":" ","1609":" ","1610":" ","1611":" ","1612":" ","1613":" ","1614":" ","1615":"<","1616":"i","1617":"m","1618":"g","1619":"\\","1620":"n","1621":" ","1622":" ","1623":" ","1624":" ","1625":" ","1626":" ","1627":" ","1628":" ","1629":" ","1630":" ","1631":":","1632":"a","1633":"l","1634":"t","1635":"=","1636":"\\","1637":"\"","1638":"c","1639":"a","1640":"t","1641":"e","1642":"g","1643":"o","1644":"r","1645":"y","1646":".","1647":"p","1648":"i","1649":"c","1650":"A","1651":"l","1652":"t","1653":"\\","1654":"\"","1655":"\\","1656":"n","1657":" ","1658":" ","1659":" ","1660":" ","1661":" ","1662":" ","1663":" ","1664":" ","1665":" ","1666":" ","1667":":","1668":"s","1669":"r","1670":"c","1671":"=","1672":"\\","1673":"\"","1674":"`","1675":"$","1676":"{","1677":"p","1678":"u","1679":"b","1680":"l","1681":"i","1682":"c","1683":"P","1684":"a","1685":"t","1686":"h","1687":"}","1688":"$","1689":"{","1690":"c","1691":"a","1692":"t","1693":"e","1694":"g","1695":"o","1696":"r","1697":"y","1698":".","1699":"p","1700":"i","1701":"c","1702":"}","1703":"`","1704":"\\","1705":"\"","1706":"\\","1707":"n","1708":" ","1709":" ","1710":" ","1711":" ","1712":" ","1713":" ","1714":" ","1715":" ","1716":" ","1717":" ","1718":"c","1719":"l","1720":"a","1721":"s","1722":"s","1723":"=","1724":"\\","1725":"\"","1726":"f","1727":"l","1728":"e","1729":"x","1730":" ","1731":"o","1732":"b","1733":"j","1734":"e","1735":"c","1736":"t","1737":"-","1738":"c","1739":"o","1740":"v","1741":"e","1742":"r","1743":" ","1744":"w","1745":"-","1746":"6","1747":"0","1748":" ","1749":"h","1750":"-","1751":"6","1752":"0","1753":" ","1754":"r","1755":"o","1756":"u","1757":"n","1758":"d","1759":"e","1760":"d","1761":"-","1762":"f","1763":"u","1764":"l","1765":"l","1766":" ","1767":"m","1768":"x","1769":"-","1770":"a","1771":"u","1772":"t","1773":"o","1774":" ","1775":"p","1776":"b","1777":"-","1778":"2","1779":"\\","1780":"\"","1781":"\\","1782":"n","1783":" ","1784":" ","1785":" ","1786":" ","1787":" ","1788":" ","1789":" ","1790":" ","1791":"/","1792":">","1793":"\\","1794":"n","1795":" ","1796":" ","1797":" ","1798":" ","1799":" ","1800":" ","1801":"<","1802":"/","1803":"d","1804":"i","1805":"v","1806":">","1807":"\\","1808":"n","1809":" ","1810":" ","1811":" ","1812":" ","1813":"<","1814":"/","1815":"d","1816":"i","1817":"v","1818":">","1819":"\\","1820":"n","1821":" ","1822":" ","1823":" ","1824":" ","1825":"<","1826":"f","1827":"o","1828":"o","1829":"t","1830":"e","1831":"r","1832":"\\","1833":"n","1834":" ","1835":" ","1836":" ","1837":" ","1838":" ","1839":" ","1840":"c","1841":"l","1842":"a","1843":"s","1844":"s","1845":"=","1846":"\\","1847":"\"","1848":"t","1849":"e","1850":"x","1851":"t","1852":"-","1853":"g","1854":"r","1855":"a","1856":"y","1857":"-","1858":"1","1859":"0","1860":"0","1861":" ","1862":"b","1863":"g","1864":"-","1865":"d","1866":"e","1867":"s","1868":"a","1869":"t","1870":"u","1871":"r","1872":"a","1873":"t","1874":"e","1875":"d","1876":"-","1877":"p","1878":"u","1879":"r","1880":"p","1881":"l","1882":"e","1883":" ","1884":"w","1885":"-","1886":"f","1887":"u","1888":"l","1889":"l","1890":" ","1891":"t","1892":"e","1893":"x","1894":"t","1895":"-","1896":"c","1897":"e","1898":"n","1899":"t","1900":"e","1901":"r","1902":" ","1903":"p","1904":"x","1905":"-","1906":"2","1907":"0","1908":" ","1909":"m","1910":"d","1911":":","1912":"p","1913":"x","1914":"-","1915":"0","1916":"\\","1917":"\"","1918":"\\","1919":"n","1920":" ","1921":" ","1922":" ","1923":" ","1924":">","1925":"\\","1926":"n","1927":" ","1928":" ","1929":" ","1930":" ","1931":" ","1932":" ","1933":"S","1934":"h","1935":"o","1936":"u","1937":"t","1938":"o","1939":"u","1940":"t","1941":" ","1942":"t","1943":"o","1944":"\\","1945":"n","1946":" ","1947":" ","1948":" ","1949":" ","1950":" ","1951":" ","1952":"<","1953":"a","1954":" ","1955":"h","1956":"r","1957":"e","1958":"f","1959":"=","1960":"\\","1961":"\"","1962":"h","1963":"t","1964":"t","1965":"p","1966":"s","1967":":","1968":"/","1969":"/","1970":"w","1971":"w","1972":"w","1973":".","1974":"l","1975":"i","1976":"n","1977":"k","1978":"e","1979":"d","1980":"i","1981":"n","1982":".","1983":"c","1984":"o","1985":"m","1986":"/","1987":"i","1988":"n","1989":"/","1990":"k","1991":"a","1992":"y","1993":"l","1994":"e","1995":"e","1996":"-","1997":"c","1998":"h","1999":"a","2000":"n","2001":"/","2002":"\\","2003":"\"","2004":" ","2005":"c","2006":"l","2007":"a","2008":"s","2009":"s","2010":"=","2011":"\\","2012":"\"","2013":"t","2014":"e","2015":"x","2016":"t","2017":"-","2018":"b","2019":"l","2020":"u","2021":"e","2022":"-","2023":"5","2024":"0","2025":"0","2026":"\\","2027":"\"","2028":">","2029":"\\","2030":"n","2031":" ","2032":" ","2033":" ","2034":" ","2035":" ","2036":" ","2037":" ","2038":" ","2039":"K","2040":"a","2041":"y","2042":"l","2043":"e","2044":"e","2045":" ","2046":"C","2047":"h","2048":"a","2049":"n","2050":"\\","2051":"n","2052":" ","2053":" ","2054":" ","2055":" ","2056":" ","2057":" ","2058":"<","2059":"/","2060":"a","2061":">","2062":"\\","2063":"n","2064":" ","2065":" ","2066":" ","2067":" ","2068":" ","2069":" ","2070":"f","2071":"o","2072":"r","2073":" ","2074":"h","2075":"e","2076":"l","2077":"p","2078":"i","2079":"n","2080":"g","2081":" ","2082":"m","2083":"e","2084":" ","2085":"w","2086":"i","2087":"t","2088":"h","2089":" ","2090":"t","2091":"h","2092":"e","2093":" ","2094":"c","2095":"o","2096":"l","2097":"o","2098":"u","2099":"r","2100":" ","2101":"p","2102":"a","2103":"l","2104":"e","2105":"t","2106":"t","2107":"e","2108":" ","2109":"o","2110":"f","2111":" ","2112":"t","2113":"h","2114":"i","2115":"s","2116":" ","2117":"w","2118":"e","2119":"b","2120":"s","2121":"i","2122":"t","2123":"e","2124":".","2125":" ","2126":"I","2127":"t","2128":" ","2129":"u","2130":"s","2131":"e","2132":"d","2133":" ","2134":"t","2135":"o","2136":" ","2137":"b","2138":"e","2139":" ","2140":"m","2141":"u","2142":"c","2143":"h","2144":"\\","2145":"n","2146":" ","2147":" ","2148":" ","2149":" ","2150":" ","2151":" ","2152":"w","2153":"o","2154":"r","2155":"s","2156":"e","2157":".","2158":"\\","2159":"n","2160":" ","2161":" ","2162":" ","2163":" ","2164":"<","2165":"/","2166":"f","2167":"o","2168":"o","2169":"t","2170":"e","2171":"r","2172":">","2173":"\\","2174":"n","2175":" ","2176":" ","2177":"<","2178":"/","2179":"d","2180":"i","2181":"v","2182":">","2183":"\\","2184":"n","2185":"<","2186":"/","2187":"t","2188":"e","2189":"m","2190":"p","2191":"l","2192":"a","2193":"t","2194":"e","2195":">","2196":"\\","2197":"n","2198":"\\","2199":"n","2200":"<","2201":"s","2202":"c","2203":"r","2204":"i","2205":"p","2206":"t","2207":">","2208":"\\","2209":"n","2210":"e","2211":"x","2212":"p","2213":"o","2214":"r","2215":"t","2216":" ","2217":"d","2218":"e","2219":"f","2220":"a","2221":"u","2222":"l","2223":"t","2224":" ","2225":"{","2226":"\\","2227":"n","2228":" ","2229":" ","2230":"d","2231":"a","2232":"t","2233":"a","2234":"(","2235":")","2236":" ","2237":"{","2238":"\\","2239":"n","2240":" ","2241":" ","2242":" ","2243":" ","2244":"r","2245":"e","2246":"t","2247":"u","2248":"r","2249":"n","2250":" ","2251":"{","2252":"\\","2253":"n","2254":" ","2255":" ","2256":" ","2257":" ","2258":" ","2259":" ","2260":"p","2261":"u","2262":"b","2263":"l","2264":"i","2265":"c","2266":"P","2267":"a","2268":"t","2269":"h","2270":":","2271":" ","2272":"p","2273":"r","2274":"o","2275":"c","2276":"e","2277":"s","2278":"s","2279":".","2280":"e","2281":"n","2282":"v","2283":".","2284":"B","2285":"A","2286":"S","2287":"E","2288":"_","2289":"U","2290":"R","2291":"L","2292":",","2293":"\\","2294":"n","2295":" ","2296":" ","2297":" ","2298":" ","2299":" ","2300":" ","2301":"c","2302":"a","2303":"t","2304":"e","2305":"g","2306":"o","2307":"r","2308":"i","2309":"e","2310":"s","2311":":","2312":" ","2313":"[","2314":"\\","2315":"n","2316":" ","2317":" ","2318":" ","2319":" ","2320":" ","2321":" ","2322":" ","2323":" ","2324":"{","2325":"\\","2326":"n","2327":" ","2328":" ","2329":" ","2330":" ","2331":" ","2332":" ","2333":" ","2334":" ","2335":" ","2336":" ","2337":"t","2338":"i","2339":"t","2340":"l","2341":"e","2342":":","2343":" ","2344":"\\","2345":"\"","2346":"E","2347":"x","2348":"p","2349":"e","2350":"r","2351":"i","2352":"e","2353":"n","2354":"c","2355":"e","2356":"s","2357":"\\","2358":"\"","2359":",","2360":"\\","2361":"n","2362":" ","2363":" ","2364":" ","2365":" ","2366":" ","2367":" ","2368":" ","2369":" ","2370":" ","2371":" ","2372":"e","2373":"n","2374":"t","2375":"r","2376":"i","2377":"e","2378":"s","2379":":","2380":" ","2381":"[","2382":"\\","2383":"n","2384":" ","2385":" ","2386":" ","2387":" ","2388":" ","2389":" ","2390":" ","2391":" ","2392":" ","2393":" ","2394":" ","2395":" ","2396":"\\","2397":"\"","2398":"W","2399":"e","2400":"n","2401":"t","2402":" ","2403":"t","2404":"o","2405":" ","2406":"h","2407":"i","2408":"g","2409":"h","2410":" ","2411":"s","2412":"c","2413":"h","2414":"o","2415":"o","2416":"l","2417":" ","2418":"a","2419":"t","2420":" ","2421":"t","2422":"h","2423":"e","2424":" ","2425":"U","2426":"n","2427":"i","2428":"v","2429":"e","2430":"r","2431":"s","2432":"i","2433":"t","2434":"y","2435":" ","2436":"o","2437":"f","2438":" ","2439":"T","2440":"o","2441":"r","2442":"o","2443":"n","2444":"t","2445":"o","2446":" ","2447":"S","2448":"c","2449":"h","2450":"o","2451":"o","2452":"l","2453":"s","2454":" ","2455":"a","2456":"n","2457":"d","2458":" ","2459":"d","2460":"e","2461":"v","2462":"e","2463":"l","2464":"o","2465":"p","2466":"e","2467":"d","2468":" ","2469":"a","2470":" ","2471":"l","2472":"o","2473":"v","2474":"e","2475":" ","2476":"o","2477":"f","2478":" ","2479":"C","2480":"l","2481":"a","2482":"s","2483":"s","2484":"i","2485":"c","2486":"a","2487":"l","2488":" ","2489":"H","2490":"i","2491":"s","2492":"t","2493":"o","2494":"r","2495":"y","2496":"\\","2497":"\"","2498":",","2499":"\\","2500":"n","2501":" ","2502":" ","2503":" ","2504":" ","2505":" ","2506":" ","2507":" ","2508":" ","2509":" ","2510":" ","2511":" ","2512":" ","2513":"\\","2514":"\"","2515":"D","2516":"e","2517":"v","2518":"e","2519":"l","2520":"o","2521":"p","2522":"e","2523":"d","2524":" ","2525":"a","2526":" ","2527":"p","2528":"a","2529":"s","2530":"s","2531":"i","2532":"o","2533":"n","2534":" ","2535":"f","2536":"o","2537":"r","2538":" ","2539":"C","2540":"o","2541":"m","2542":"p","2543":"u","2544":"t","2545":"e","2546":"r","2547":" ","2548":"S","2549":"c","2550":"i","2551":"e","2552":"n","2553":"c","2554":"e","2555":" ","2556":"i","2557":"n","2558":" ","2559":"g","2560":"r","2561":"a","2562":"d","2563":"e","2564":" ","2565":"1","2566":"0","2567":" ","2568":"a","2569":"n","2570":"d","2571":" ","2572":"b","2573":"e","2574":"g","2575":"a","2576":"n","2577":" ","2578":"w","2579":"o","2580":"r","2581":"k","2582":"i","2583":"n","2584":"g","2585":" ","2586":"o","2587":"n","2588":" ","2589":"a","2590":" ","2591":"g","2592":"a","2593":"m","2594":"e","2595":" ","2596":"d","2597":"e","2598":"v","2599":"e","2600":"l","2601":"o","2602":"p","2603":"m","2604":"e","2605":"n","2606":"t","2607":" ","2608":"p","2609":"r","2610":"o","2611":"j","2612":"e","2613":"c","2614":"t","2615":" ","2616":"f","2617":"o","2618":"r","2619":" ","2620":"a","2621":" ","2622":"y","2623":"e","2624":"a","2625":"r","2626":" ","2627":"i","2628":"n","2629":" ","2630":"g","2631":"r","2632":"a","2633":"d","2634":"e","2635":" ","2636":"1","2637":"2","2638":"\\","2639":"\"","2640":",","2641":"\\","2642":"n","2643":" ","2644":" ","2645":" ","2646":" ","2647":" ","2648":" ","2649":" ","2650":" ","2651":" ","2652":" ","2653":" ","2654":" ","2655":"\\","2656":"\"","2657":"G","2658":"o","2659":"i","2660":"n","2661":"g","2662":" ","2663":"t","2664":"o","2665":" ","2666":"U","2667":"n","2668":"i","2669":"v","2670":"e","2671":"r","2672":"s","2673":"i","2674":"t","2675":"y","2676":" ","2677":"o","2678":"f","2679":" ","2680":"T","2681":"o","2682":"r","2683":"o","2684":"n","2685":"t","2686":"o","2687":" ","2688":"f","2689":"o","2690":"r","2691":" ","2692":"s","2693":"p","2694":"e","2695":"c","2696":"i","2697":"a","2698":"l","2699":"i","2700":"s","2701":"t","2702":" ","2703":"i","2704":"n","2705":" ","2706":"C","2707":"o","2708":"m","2709":"p","2710":"u","2711":"t","2712":"e","2713":"r","2714":" ","2715":"S","2716":"c","2717":"i","2718":"e","2719":"n","2720":"c","2721":"e","2722":" ","2723":"a","2724":"n","2725":"d","2726":" ","2727":"a","2728":" ","2729":"m","2730":"i","2731":"n","2732":"o","2733":"r","2734":" ","2735":"i","2736":"n","2737":" ","2738":"M","2739":"a","2740":"t","2741":"h","2742":"\\","2743":"\"","2744":",","2745":"\\","2746":"n","2747":" ","2748":" ","2749":" ","2750":" ","2751":" ","2752":" ","2753":" ","2754":" ","2755":" ","2756":" ","2757":" ","2758":" ","2759":"\\","2760":"\"","2761":"C","2762":"u","2763":"r","2764":"r","2765":"e","2766":"n","2767":"t","2768":"l","2769":"y","2770":" ","2771":"I","2772":" ","2773":"a","2774":"m","2775":" ","2776":"e","2777":"x","2778":"p","2779":"l","2780":"o","2781":"r","2782":"i","2783":"n","2784":"g","2785":" ","2786":"f","2787":"i","2788":"e","2789":"l","2790":"d","2791":"s","2792":" ","2793":"o","2794":"f","2795":" ","2796":"C","2797":"o","2798":"m","2799":"p","2800":"u","2801":"t","2802":"e","2803":"r","2804":" ","2805":"S","2806":"c","2807":"i","2808":"e","2809":"n","2810":"c","2811":"e","2812":" ","2813":"b","2814":"u","2815":"t","2816":" ","2817":"a","2818":"m","2819":" ","2820":"p","2821":"a","2822":"r","2823":"t","2824":"i","2825":"c","2826":"u","2827":"l","2828":"a","2829":"r","2830":"l","2831":"y","2832":" ","2833":"i","2834":"n","2835":"t","2836":"e","2837":"r","2838":"e","2839":"s","2840":"t","2841":"e","2842":"d","2843":" ","2844":"i","2845":"n","2846":" ","2847":"s","2848":"o","2849":"f","2850":"t","2851":"w","2852":"a","2853":"r","2854":"e","2855":" ","2856":"e","2857":"n","2858":"g","2859":"i","2860":"n","2861":"e","2862":"e","2863":"r","2864":"i","2865":"n","2866":"g","2867":" ","2868":"a","2869":"n","2870":"d","2871":" ","2872":"A","2873":"I","2874":"\\","2875":"\"","2876":",","2877":"\\","2878":"n","2879":" ","2880":" ","2881":" ","2882":" ","2883":" ","2884":" ","2885":" ","2886":" ","2887":" ","2888":" ","2889":" ","2890":" ","2891":"\\","2892":"\"","2893":"W","2894":"e","2895":"n","2896":"t","2897":" ","2898":"t","2899":"o","2900":" ","2901":"c","2902":"a","2903":"m","2904":"p","2905":" ","2906":"f","2907":"r","2908":"o","2909":"m","2910":" ","2911":"a","2912":"g","2913":"e","2914":"s","2915":" ","2916":"8","2917":"-","2918":"1","2919":"6","2920":" ","2921":"i","2922":"n","2923":" ","2924":"A","2925":"l","2926":"g","2927":"o","2928":"n","2929":"q","2930":"u","2931":"i","2932":"n","2933":" ","2934":"P","2935":"a","2936":"r","2937":"k","2938":" ","2939":"w","2940":"h","2941":"i","2942":"c","2943":"h","2944":" ","2945":"h","2946":"a","2947":"s","2948":" ","2949":"m","2950":"a","2951":"d","2952":"e","2953":" ","2954":"m","2955":"e","2956":" ","2957":"f","2958":"e","2959":"e","2960":"l","2961":" ","2962":"a","2963":" ","2964":"s","2965":"t","2966":"r","2967":"o","2968":"n","2969":"g","2970":" ","2971":"c","2972":"o","2973":"n","2974":"n","2975":"e","2976":"c","2977":"t","2978":"i","2979":"o","2980":"n","2981":" ","2982":"t","2983":"h","2984":"e","2985":" ","2986":"o","2987":"u","2988":"t","2989":"d","2990":"o","2991":"o","2992":"r","2993":"s","2994":"\\","2995":"\"","2996":",","2997":"\\","2998":"n","2999":" ","3000":" ","3001":" ","3002":" ","3003":" ","3004":" ","3005":" ","3006":" ","3007":" ","3008":" ","3009":"]","3010":",","3011":"\\","3012":"n","3013":" ","3014":" ","3015":" ","3016":" ","3017":" ","3018":" ","3019":" ","3020":" ","3021":" ","3022":" ","3023":"p","3024":"i","3025":"c","3026":":","3027":" ","3028":"\\","3029":"\"","3030":"e","3031":"x","3032":"p","3033":"e","3034":"r","3035":"i","3036":"e","3037":"n","3038":"c","3039":"e","3040":".","3041":"j","3042":"p","3043":"g","3044":"\\","3045":"\"","3046":",","3047":"\\","3048":"n","3049":" ","3050":" ","3051":" ","3052":" ","3053":" ","3054":" ","3055":" ","3056":" ","3057":" ","3058":" ","3059":"p","3060":"i","3061":"c","3062":"A","3063":"l","3064":"t","3065":":","3066":"\\","3067":"n","3068":" ","3069":" ","3070":" ","3071":" ","3072":" ","3073":" ","3074":" ","3075":" ","3076":" ","3077":" ","3078":" ","3079":" ","3080":"\\","3081":"\"","3082":"M","3083":"e","3084":" ","3085":"S","3086":"t","3087":"a","3088":"n","3089":"d","3090":"i","3091":"n","3092":"g","3093":" ","3094":"o","3095":"n","3096":" ","3097":"a","3098":" ","3099":"c","3100":"l","3101":"i","3102":"f","3103":"f","3104":" ","3105":"i","3106":"n","3107":" ","3108":"A","3109":"l","3110":"g","3111":"o","3112":"n","3113":"q","3114":"u","3115":"i","3116":"n","3117":" ","3118":"P","3119":"a","3120":"r","3121":"k","3122":" ","3123":"w","3124":"i","3125":"t","3126":"h","3127":" ","3128":"m","3129":"y","3130":" ","3131":"f","3132":"o","3133":"r","3134":"m","3135":"e","3136":"r","3137":" ","3138":"d","3139":"o","3140":"g","3141":" ","3142":"K","3143":"a","3144":"t","3145":"i","3146":"e","3147":" ","3148":"(","3149":"R","3150":"I","3151":"P","3152":")","3153":" ","3154":"(","3155":"2","3156":"0","3157":"2","3158":"1","3159":")","3160":"\\","3161":"\"","3162":",","3163":"\\","3164":"n","3165":" ","3166":" ","3167":" ","3168":" ","3169":" ","3170":" ","3171":" ","3172":" ","3173":" ","3174":" ","3175":"c","3176":"o","3177":"l","3178":"o","3179":"u","3180":"r","3181":":","3182":" ","3183":"\\","3184":"\"","3185":"b","3186":"g","3187":"-","3188":"d","3189":"e","3190":"s","3191":"a","3192":"t","3193":"u","3194":"r","3195":"a","3196":"t","3197":"e","3198":"d","3199":"-","3200":"p","3201":"u","3202":"r","3203":"p","3204":"l","3205":"e","3206":"-","3207":"2","3208":"0","3209":"0","3210":"\\","3211":"\"","3212":",","3213":"\\","3214":"n","3215":" ","3216":" ","3217":" ","3218":" ","3219":" ","3220":" ","3221":" ","3222":" ","3223":"}","3224":",","3225":"\\","3226":"n","3227":" ","3228":" ","3229":" ","3230":" ","3231":" ","3232":" ","3233":" ","3234":" ","3235":"{","3236":"\\","3237":"n","3238":" ","3239":" ","3240":" ","3241":" ","3242":" ","3243":" ","3244":" ","3245":" ","3246":" ","3247":" ","3248":"t","3249":"i","3250":"t","3251":"l","3252":"e","3253":":","3254":" ","3255":"\\","3256":"\"","3257":"V","3258":"a","3259":"l","3260":"u","3261":"e","3262":"s","3263":"\\","3264":"\"","3265":",","3266":"\\","3267":"n","3268":" ","3269":" ","3270":" ","3271":" ","3272":" ","3273":" ","3274":" ","3275":" ","3276":" ","3277":" ","3278":"e","3279":"n","3280":"t","3281":"r","3282":"i","3283":"e","3284":"s","3285":":","3286":" ","3287":"[","3288":"\\","3289":"n","3290":" ","3291":" ","3292":" ","3293":" ","3294":" ","3295":" ","3296":" ","3297":" ","3298":" ","3299":" ","3300":" ","3301":" ","3302":"\\","3303":"\"","3304":"T","3305":"a","3306":"k","3307":"i","3308":"n","3309":"g","3310":" ","3311":"o","3312":"w","3313":"n","3314":"e","3315":"r","3316":"s","3317":"h","3318":"i","3319":"p","3320":" ","3321":"o","3322":"v","3323":"e","3324":"r","3325":" ","3326":"m","3327":"y","3328":" ","3329":"w","3330":"o","3331":"r","3332":"k","3333":"\\","3334":"\"","3335":",","3336":"\\","3337":"n","3338":" ","3339":" ","3340":" ","3341":" ","3342":" ","3343":" ","3344":" ","3345":" ","3346":" ","3347":" ","3348":" ","3349":" ","3350":"\\","3351":"\"","3352":"H","3353":"a","3354":"v","3355":"i","3356":"n","3357":"g","3358":" ","3359":"i","3360":"n","3361":"t","3362":"e","3363":"g","3364":"r","3365":"i","3366":"t","3367":"y","3368":" ","3369":"i","3370":"n","3371":" ","3372":"m","3373":"i","3374":"n","3375":"d","3376":" ","3377":"w","3378":"h","3379":"e","3380":"n","3381":" ","3382":"t","3383":"a","3384":"k","3385":"i","3386":"n","3387":"g","3388":" ","3389":"a","3390":"n","3391":"y","3392":" ","3393":"a","3394":"c","3395":"t","3396":"i","3397":"o","3398":"n","3399":"\\","3400":"\"","3401":",","3402":"\\","3403":"n","3404":" ","3405":" ","3406":" ","3407":" ","3408":" ","3409":" ","3410":" ","3411":" ","3412":" ","3413":" ","3414":" ","3415":" ","3416":"\\","3417":"\"","3418":"E","3419":"x","3420":"p","3421":"a","3422":"n","3423":"d","3424":"i","3425":"n","3426":"g","3427":" ","3428":"m","3429":"y","3430":" ","3431":"s","3432":"e","3433":"t","3434":" ","3435":"o","3436":"f","3437":" ","3438":"s","3439":"k","3440":"i","3441":"l","3442":"l","3443":"s","3444":",","3445":" ","3446":"t","3447":"o","3448":"o","3449":"l","3450":"s","3451":",","3452":" ","3453":"a","3454":"n","3455":"d","3456":" ","3457":"f","3458":"r","3459":"a","3460":"m","3461":"e","3462":"w","3463":"o","3464":"r","3465":"k","3466":"s","3467":" ","3468":"a","3469":"t","3470":" ","3471":"e","3472":"v","3473":"e","3474":"r","3475":"y","3476":" ","3477":"o","3478":"p","3479":"p","3480":"o","3481":"r","3482":"t","3483":"u","3484":"n","3485":"i","3486":"t","3487":"y","3488":"\\","3489":"\"","3490":",","3491":"\\","3492":"n","3493":" ","3494":" ","3495":" ","3496":" ","3497":" ","3498":" ","3499":" ","3500":" ","3501":" ","3502":" ","3503":" ","3504":" ","3505":"\\","3506":"\"","3507":"H","3508":"a","3509":"v","3510":"i","3511":"n","3512":"g","3513":" ","3514":"c","3515":"o","3516":"m","3517":"p","3518":"a","3519":"s","3520":"s","3521":"i","3522":"o","3523":"n","3524":" ","3525":"f","3526":"o","3527":"r","3528":" ","3529":"t","3530":"h","3531":"o","3532":"s","3533":"e","3534":" ","3535":"a","3536":"r","3537":"o","3538":"u","3539":"n","3540":"d","3541":" ","3542":"m","3543":"e","3544":",","3545":" ","3546":"p","3547":"a","3548":"r","3549":"t","3550":"i","3551":"c","3552":"u","3553":"l","3554":"a","3555":"r","3556":"l","3557":"y","3558":" ","3559":"f","3560":"o","3561":"r","3562":" ","3563":"t","3564":"h","3565":"o","3566":"s","3567":"e","3568":" ","3569":"w","3570":"h","3571":"o","3572":" ","3573":"a","3574":"r","3575":"e","3576":" ","3577":"s","3578":"t","3579":"r","3580":"u","3581":"g","3582":"g","3583":"l","3584":"i","3585":"n","3586":"g","3587":"\\","3588":"\"","3589":",","3590":"\\","3591":"n","3592":" ","3593":" ","3594":" ","3595":" ","3596":" ","3597":" ","3598":" ","3599":" ","3600":" ","3601":" ","3602":" ","3603":" ","3604":"\\","3605":"\"","3606":"M","3607":"a","3608":"i","3609":"n","3610":"t","3611":"a","3612":"i","3613":"n","3614":"i","3615":"n","3616":"g","3617":" ","3618":"l","3619":"o","3620":"y","3621":"a","3622":"l","3623":"t","3624":"y","3625":" ","3626":"t","3627":"o","3628":" ","3629":"m","3630":"y","3631":" ","3632":"f","3633":"r","3634":"i","3635":"e","3636":"n","3637":"d","3638":"s","3639":" ","3640":"a","3641":"n","3642":"d","3643":" ","3644":"f","3645":"a","3646":"m","3647":"i","3648":"l","3649":"y","3650":",","3651":" ","3652":"e","3653":"s","3654":"p","3655":"e","3656":"c","3657":"i","3658":"a","3659":"l","3660":"l","3661":"y","3662":" ","3663":"i","3664":"n","3665":" ","3666":"t","3667":"i","3668":"m","3669":"e","3670":"s","3671":" ","3672":"o","3673":"f","3674":" ","3675":"c","3676":"r","3677":"i","3678":"s","3679":"i","3680":"s","3681":"\\","3682":"\"","3683":",","3684":"\\","3685":"n","3686":" ","3687":" ","3688":" ","3689":" ","3690":" ","3691":" ","3692":" ","3693":" ","3694":" ","3695":" ","3696":" ","3697":" ","3698":"\\","3699":"\"","3700":"T","3701":"a","3702":"k","3703":"i","3704":"n","3705":"g","3706":" ","3707":"f","3708":"a","3709":"i","3710":"l","3711":"u","3712":"r","3713":"e","3714":" ","3715":"a","3716":"s","3717":" ","3718":"a","3719":" ","3720":"c","3721":"h","3722":"a","3723":"n","3724":"c","3725":"e","3726":" ","3727":"f","3728":"o","3729":"r","3730":" ","3731":"g","3732":"r","3733":"o","3734":"w","3735":"t","3736":"h","3737":" ","3738":"i","3739":"n","3740":"s","3741":"t","3742":"e","3743":"a","3744":"d","3745":" ","3746":"o","3747":"f","3748":" ","3749":"c","3750":"o","3751":"l","3752":"l","3753":"a","3754":"p","3755":"s","3756":"i","3757":"n","3758":"g","3759":" ","3760":"i","3761":"n","3762":" ","3763":"t","3764":"h","3765":"e","3766":" ","3767":"f","3768":"a","3769":"c","3770":"e","3771":" ","3772":"o","3773":"f","3774":" ","3775":"i","3776":"t","3777":"\\","3778":"\"","3779":",","3780":"\\","3781":"n","3782":" ","3783":" ","3784":" ","3785":" ","3786":" ","3787":" ","3788":" ","3789":" ","3790":" ","3791":" ","3792":"]","3793":",","3794":"\\","3795":"n","3796":" ","3797":" ","3798":" ","3799":" ","3800":" ","3801":" ","3802":" ","3803":" ","3804":" ","3805":" ","3806":"p","3807":"i","3808":"c","3809":":","3810":" ","3811":"\\","3812":"\"","3813":"v","3814":"a","3815":"l","3816":"u","3817":"e","3818":"s","3819":".","3820":"j","3821":"p","3822":"g","3823":"\\","3824":"\"","3825":",","3826":"\\","3827":"n","3828":" ","3829":" ","3830":" ","3831":" ","3832":" ","3833":" ","3834":" ","3835":" ","3836":" ","3837":" ","3838":"p","3839":"i","3840":"c","3841":"A","3842":"l","3843":"t","3844":":","3845":" ","3846":"\\","3847":"\"","3848":"M","3849":"e","3850":" ","3851":"S","3852":"t","3853":"a","3854":"n","3855":"d","3856":"i","3857":"n","3858":"g","3859":" ","3860":"i","3861":"n","3862":" ","3863":"f","3864":"r","3865":"o","3866":"n","3867":"t","3868":" ","3869":"o","3870":"f","3871":" ","3872":"a","3873":" ","3874":"m","3875":"u","3876":"r","3877":"a","3878":"l","3879":" ","3880":"(","3881":"2","3882":"0","3883":"2","3884":"1","3885":")","3886":"\\","3887":"\"","3888":",","3889":"\\","3890":"n","3891":" ","3892":" ","3893":" ","3894":" ","3895":" ","3896":" ","3897":" ","3898":" ","3899":" ","3900":" ","3901":"c","3902":"o","3903":"l","3904":"o","3905":"u","3906":"r","3907":":","3908":" ","3909":"\\","3910":"\"","3911":"b","3912":"g","3913":"-","3914":"v","3915":"i","3916":"o","3917":"l","3918":"e","3919":"t","3920":"-","3921":"3","3922":"0","3923":"0","3924":"\\","3925":"\"","3926":",","3927":"\\","3928":"n","3929":" ","3930":" ","3931":" ","3932":" ","3933":" ","3934":" ","3935":" ","3936":" ","3937":"}","3938":",","3939":"\\","3940":"n","3941":" ","3942":" ","3943":" ","3944":" ","3945":" ","3946":" ","3947":" ","3948":" ","3949":"{","3950":"\\","3951":"n","3952":" ","3953":" ","3954":" ","3955":" ","3956":" ","3957":" ","3958":" ","3959":" ","3960":" ","3961":" ","3962":"t","3963":"i","3964":"t","3965":"l","3966":"e","3967":":","3968":" ","3969":"\\","3970":"\"","3971":"H","3972":"o","3973":"b","3974":"b","3975":"i","3976":"e","3977":"s","3978":"\\","3979":"\"","3980":",","3981":"\\","3982":"n","3983":" ","3984":" ","3985":" ","3986":" ","3987":" ","3988":" ","3989":" ","3990":" ","3991":" ","3992":" ","3993":"e","3994":"n","3995":"t","3996":"r","3997":"i","3998":"e","3999":"s","4000":":","4001":" ","4002":"[","4003":"\\","4004":"n","4005":" ","4006":" ","4007":" ","4008":" ","4009":" ","4010":" ","4011":" ","4012":" ","4013":" ","4014":" ","4015":" ","4016":" ","4017":"\\","4018":"\"","4019":"C","4020":"o","4021":"o","4022":"k","4023":"i","4024":"n","4025":"g","4026":"/","4027":"b","4028":"a","4029":"k","4030":"i","4031":"n","4032":"g","4033":" ","4034":"-","4035":" ","4036":"I","4037":" ","4038":"e","4039":"n","4040":"j","4041":"o","4042":"y","4043":" ","4044":"m","4045":"a","4046":"k","4047":"i","4048":"n","4049":"g","4050":" ","4051":"p","4052":"i","4053":"e","4054":"s","4055":",","4056":" ","4057":"c","4058":"a","4059":"k","4060":"e","4061":"s","4062":",","4063":" ","4064":"c","4065":"o","4066":"o","4067":"k","4068":"i","4069":"e","4070":"s","4071":",","4072":" ","4073":"a","4074":"n","4075":"d","4076":" ","4077":"t","4078":"r","4079":"y","4080":"i","4081":"n","4082":"g","4083":" ","4084":"n","4085":"e","4086":"w","4087":" ","4088":"r","4089":"e","4090":"c","4091":"i","4092":"p","4093":"e","4094":"s","4095":".","4096":"I","4097":" ","4098":"a","4099":"m","4100":" ","4101":"a","4102":"l","4103":"s","4104":"o","4105":" ","4106":"p","4107":"r","4108":"o","4109":"u","4110":"d","4111":" ","4112":"o","4113":"f","4114":" ","4115":"m","4116":"y","4117":" ","4118":"p","4119":"o","4120":"t","4121":"a","4122":"t","4123":"o","4124":" ","4125":"a","4126":"n","4127":"d","4128":" ","4129":"c","4130":"h","4131":"i","4132":"c","4133":"k","4134":"e","4135":"n","4136":" ","4137":"b","4138":"u","4139":"r","4140":"g","4141":"e","4142":"r","4143":" ","4144":"r","4145":"e","4146":"c","4147":"i","4148":"p","4149":"e","4150":"s","4151":"\\","4152":"\"","4153":",","4154":"\\","4155":"n","4156":" ","4157":" ","4158":" ","4159":" ","4160":" ","4161":" ","4162":" ","4163":" ","4164":" ","4165":" ","4166":" ","4167":" ","4168":"\\","4169":"\"","4170":"G","4171":"a","4172":"m","4173":"i","4174":"n","4175":"g","4176":" ","4177":"-","4178":" ","4179":"C","4180":"u","4181":"r","4182":"r","4183":"e","4184":"n","4185":"t","4186":"l","4187":"y","4188":" ","4189":"I","4190":" ","4191":"a","4192":"m","4193":" ","4194":"p","4195":"l","4196":"a","4197":"y","4198":"i","4199":"n","4200":"g","4201":" ","4202":"m","4203":"o","4204":"s","4205":"t","4206":"l","4207":"y","4208":" ","4209":"V","4210":"a","4211":"l","4212":"o","4213":"r","4214":"a","4215":"n","4216":"t","4217":",","4218":" ","4219":"b","4220":"u","4221":"t","4222":" ","4223":"I","4224":" ","4225":"e","4226":"n","4227":"j","4228":"o","4229":"y","4230":" ","4231":"a","4232":"l","4233":"l","4234":" ","4235":"g","4236":"e","4237":"n","4238":"r","4239":"e","4240":"s","4241":" ","4242":"a","4243":"n","4244":"d","4245":" ","4246":"h","4247":"a","4248":"v","4249":"e","4250":" ","4251":"a","4252":" ","4253":"s","4254":"o","4255":"f","4256":"t","4257":" ","4258":"s","4259":"p","4260":"o","4261":"t","4262":" ","4263":"f","4264":"o","4265":"r","4266":" ","4267":"a","4268":"n","4269":"y","4270":"t","4271":"h","4272":"i","4273":"n","4274":"g","4275":" ","4276":"b","4277":"y","4278":" ","4279":"N","4280":"i","4281":"n","4282":"t","4283":"e","4284":"n","4285":"d","4286":"o","4287":",","4288":" ","4289":"e","4290":"s","4291":"p","4292":"e","4293":"c","4294":"i","4295":"a","4296":"l","4297":"l","4298":"y","4299":" ","4300":"P","4301":"o","4302":"k","4303":"e","4304":"m","4305":"o","4306":"n","4307":"\\","4308":"\"","4309":",","4310":"\\","4311":"n","4312":" ","4313":" ","4314":" ","4315":" ","4316":" ","4317":" ","4318":" ","4319":" ","4320":" ","4321":" ","4322":" ","4323":" ","4324":"\\","4325":"\"","4326":"H","4327":"i","4328":"k","4329":"i","4330":"n","4331":"g","4332":" ","4333":"-","4334":" ","4335":"A","4336":"s","4337":" ","4338":"m","4339":"e","4340":"n","4341":"t","4342":"i","4343":"o","4344":"n","4345":"e","4346":"d","4347":" ","4348":"a","4349":"b","4350":"o","4351":"v","4352":"e","4353":",","4354":" ","4355":"I","4356":" ","4357":"l","4358":"o","4359":"v","4360":"e","4361":" ","4362":"n","4363":"a","4364":"t","4365":"u","4366":"r","4367":"e","4368":" ","4369":"a","4370":"n","4371":"d","4372":" ","4373":"e","4374":"n","4375":"j","4376":"o","4377":"y","4378":" ","4379":"h","4380":"i","4381":"k","4382":"i","4383":"n","4384":"g","4385":" ","4386":"t","4387":"h","4388":"r","4389":"o","4390":"u","4391":"g","4392":"h","4393":" ","4394":"i","4395":"t","4396":"\\","4397":"\"","4398":",","4399":"\\","4400":"n","4401":" ","4402":" ","4403":" ","4404":" ","4405":" ","4406":" ","4407":" ","4408":" ","4409":" ","4410":" ","4411":" ","4412":" ","4413":"\\","4414":"\"","4415":"T","4416":"r","4417":"a","4418":"v","4419":"e","4420":"l","4421":"l","4422":"i","4423":"n","4424":"g","4425":" ","4426":"-","4427":" ","4428":"A","4429":"l","4430":"t","4431":"h","4432":"o","4433":"u","4434":"g","4435":"h","4436":" ","4437":"I","4438":" ","4439":"h","4440":"a","4441":"v","4442":"e","4443":" ","4444":"n","4445":"o","4446":"t","4447":" ","4448":"b","4449":"e","4450":"e","4451":"n","4452":" ","4453":"a","4454":"b","4455":"l","4456":"e","4457":" ","4458":"t","4459":"o","4460":" ","4461":"m","4462":"u","4463":"c","4464":"h","4465":" ","4466":"s","4467":"i","4468":"n","4469":"c","4470":"e","4471":" ","4472":"C","4473":"O","4474":"V","4475":"I","4476":"D","4477":",","4478":" ","4479":"I","4480":" ","4481":"g","4482":"r","4483":"e","4484":"a","4485":"t","4486":"l","4487":"y","4488":" ","4489":"e","4490":"n","4491":"j","4492":"o","4493":"y","4494":" ","4495":"t","4496":"r","4497":"a","4498":"v","4499":"e","4500":"l","4501":"l","4502":"i","4503":"n","4504":"g","4505":" ","4506":"a","4507":"n","4508":"d","4509":" ","4510":"h","4511":"o","4512":"p","4513":"e","4514":"f","4515":"u","4516":"l","4517":"l","4518":"y","4519":" ","4520":"w","4521":"i","4522":"l","4523":"l","4524":" ","4525":"f","4526":"i","4527":"n","4528":"d","4529":" ","4530":"t","4531":"h","4532":"e","4533":" ","4534":"t","4535":"i","4536":"m","4537":"e","4538":" ","4539":"t","4540":"o","4541":" ","4542":"g","4543":"o","4544":" ","4545":"s","4546":"o","4547":"m","4548":"e","4549":"w","4550":"h","4551":"e","4552":"r","4553":"e","4554":" ","4555":"c","4556":"o","4557":"o","4558":"l","4559":" ","4560":"i","4561":"n","4562":" ","4563":"E","4564":"u","4565":"r","4566":"o","4567":"p","4568":"e","4569":" ","4570":"s","4571":"o","4572":"m","4573":"e","4574":"t","4575":"i","4576":"m","4577":"e","4578":" ","4579":"t","4580":"h","4581":"i","4582":"s","4583":" ","4584":"y","4585":"e","4586":"a","4587":"r","4588":" ","4589":"(","4590":"\ud83e","4591":"\udd1e","4592":" ","4593":"I","4594":"t","4595":"a","4596":"l","4597":"y","4598":" ","4599":"o","4600":"r","4601":" ","4602":"G","4603":"r","4604":"e","4605":"e","4606":"c","4607":"e","4608":")","4609":"\\","4610":"\"","4611":",","4612":"\\","4613":"n","4614":" ","4615":" ","4616":" ","4617":" ","4618":" ","4619":" ","4620":" ","4621":" ","4622":" ","4623":" ","4624":"]","4625":",","4626":"\\","4627":"n","4628":" ","4629":" ","4630":" ","4631":" ","4632":" ","4633":" ","4634":" ","4635":" ","4636":" ","4637":" ","4638":"p","4639":"i","4640":"c","4641":":","4642":" ","4643":"\\","4644":"\"","4645":"h","4646":"o","4647":"b","4648":"b","4649":"y","4650":".","4651":"j","4652":"p","4653":"g","4654":"\\","4655":"\"","4656":",","4657":"\\","4658":"n","4659":" ","4660":" ","4661":" ","4662":" ","4663":" ","4664":" ","4665":" ","4666":" ","4667":" ","4668":" ","4669":"p","4670":"i","4671":"c","4672":"A","4673":"l","4674":"t","4675":":","4676":" ","4677":"\\","4678":"\"","4679":"M","4680":"e","4681":" ","4682":"p","4683":"l","4684":"a","4685":"y","4686":"i","4687":"n","4688":"g","4689":" ","4690":"V","4691":"a","4692":"l","4693":"o","4694":"r","4695":"a","4696":"n","4697":"t","4698":" ","4699":"a","4700":"t","4701":" ","4702":"t","4703":"h","4704":"e","4705":" ","4706":"C","4707":"N","4708":"E","4709":" ","4710":"(","4711":"2","4712":"0","4713":"2","4714":"2","4715":")","4716":"\\","4717":"\"","4718":",","4719":"\\","4720":"n","4721":" ","4722":" ","4723":" ","4724":" ","4725":" ","4726":" ","4727":" ","4728":" ","4729":" ","4730":" ","4731":"c","4732":"o","4733":"l","4734":"o","4735":"u","4736":"r","4737":":","4738":" ","4739":"\\","4740":"\"","4741":"b","4742":"g","4743":"-","4744":"d","4745":"e","4746":"s","4747":"a","4748":"t","4749":"u","4750":"r","4751":"a","4752":"t","4753":"e","4754":"d","4755":"-","4756":"p","4757":"u","4758":"r","4759":"p","4760":"l","4761":"e","4762":"-","4763":"2","4764":"0","4765":"0","4766":"\\","4767":"\"","4768":",","4769":"\\","4770":"n","4771":" ","4772":" ","4773":" ","4774":" ","4775":" ","4776":" ","4777":" ","4778":" ","4779":"}","4780":",","4781":"\\","4782":"n","4783":" ","4784":" ","4785":" ","4786":" ","4787":" ","4788":" ","4789":"]","4790":",","4791":"\\","4792":"n","4793":" ","4794":" ","4795":" ","4796":" ","4797":"}","4798":";","4799":"\\","4800":"n","4801":" ","4802":" ","4803":"}","4804":",","4805":"\\","4806":"n","4807":"}","4808":";","4809":"\\","4810":"n","4811":"<","4812":"/","4813":"s","4814":"c","4815":"r","4816":"i","4817":"p","4818":"t","4819":">","4820":"\\","4821":"n","4822":"\"","4823":"]","4824":"}"},"_coverageSchema":"1a1c01bbd47fc00a2c39e90264f33305004495a9","hash":"7806a96781296311f6ffabfbddddbf33ecc2a12a"}
,"/home/samerius/Portfolio/portfolio/src/components/BaseHeader.vue": {"path":"/home/samerius/Portfolio/portfolio/src/components/BaseHeader.vue","statementMap":{"0":{"start":{"line":4,"column":0},"end":{"line":6,"column":3}},"1":{"start":{"line":7,"column":0},"end":{"line":7,"column":25}},"2":{"start":{"line":8,"column":15},"end":{"line":15,"column":1}},"3":{"start":{"line":18,"column":0},"end":{"line":18,"column":13}},"4":{"start":{"line":20,"column":0},"end":{"line":22,"column":3}},"5":{"start":{"line":23,"column":0},"end":{"line":23,"column":24}},"6":{"start":{"line":24,"column":11},"end":{"line":24,"column":25}},"7":{"start":{"line":25,"column":19},"end":{"line":27,"column":1}},"8":{"start":{"line":29,"column":2},"end":{"line":29,"column":131}},"9":{"start":{"line":30,"column":2},"end":{"line":30,"column":49}}},"fnMap":{"0":{"name":"render","decl":{"start":{"line":28,"column":9},"end":{"line":28,"column":15}},"loc":{"start":{"line":28,"column":30},"end":{"line":30,"column":1}},"line":28}},"branchMap":{},"s":{"0":1,"1":1,"2":1,"3":1,"4":1,"5":1,"6":1,"7":1,"8":1,"9":1},"f":{"0":1},"b":{},"inputSourceMap":{"0":"{","1":"\"","2":"v","3":"e","4":"r","5":"s","6":"i","7":"o","8":"n","9":"\"","10":":","11":"3","12":",","13":"\"","14":"s","15":"o","16":"u","17":"r","18":"c","19":"e","20":"s","21":"\"","22":":","23":"[","24":"\"","25":"/","26":"h","27":"o","28":"m","29":"e","30":"/","31":"s","32":"a","33":"m","34":"e","35":"r","36":"i","37":"u","38":"s","39":"/","40":"P","41":"o","42":"r","43":"t","44":"f","45":"o","46":"l","47":"i","48":"o","49":"/","50":"p","51":"o","52":"r","53":"t","54":"f","55":"o","56":"l","57":"i","58":"o","59":"/","60":"s","61":"r","62":"c","63":"/","64":"c","65":"o","66":"m","67":"p","68":"o","69":"n","70":"e","71":"n","72":"t","73":"s","74":"/","75":"B","76":"a","77":"s","78":"e","79":"H","80":"e","81":"a","82":"d","83":"e","84":"r","85":".","86":"v","87":"u","88":"e","89":"\"","90":"]","91":",","92":"\"","93":"n","94":"a","95":"m","96":"e","97":"s","98":"\"","99":":","100":"[","101":"]","102":",","103":"\"","104":"m","105":"a","106":"p","107":"p","108":"i","109":"n","110":"g","111":"s","112":"\"","113":":","114":"\"","115":";","116":";","117":";","118":";","119":";","120":";","121":";","122":"e","123":"A","124":"S","125":"e","126":";","127":"E","128":"A","129":"C","130":"b","131":",","132":"K","133":"A","134":"A","135":"K","136":",","137":"E","138":"A","139":"A","140":"E","141":";","142":"I","143":"A","144":"C","145":"L","146":",","147":"I","148":"A","149":"A","150":"I","151":",","152":"E","153":"A","154":"A","155":"E","156":";","157":"M","158":"A","159":"C","160":"J","161":",","162":"Q","163":"A","164":"A","165":"Q","166":",","167":"E","168":"A","169":"A","170":"E","171":",","172":"I","173":"A","174":"A","175":"I","176":";","177":"M","178":"A","179":"C","180":"d","181":",","182":"I","183":"A","184":"A","185":"I","186":",","187":"E","188":"A","189":"A","190":"E","191":";","192":"I","193":"A","194":"C","195":"R","196":";","197":"E","198":"A","199":"C","200":"F","201":";","202":"A","203":"A","204":"C","205":"F","206":",","207":"C","208":"A","209":"A","210":"C","211":";","212":"A","213":"A","214":"A","215":"A","216":";","217":"A","218":"A","219":"A","220":"A","221":"\"","222":",","223":"\"","224":"f","225":"i","226":"l","227":"e","228":"\"","229":":","230":"\"","231":"/","232":"h","233":"o","234":"m","235":"e","236":"/","237":"s","238":"a","239":"m","240":"e","241":"r","242":"i","243":"u","244":"s","245":"/","246":"P","247":"o","248":"r","249":"t","250":"f","251":"o","252":"l","253":"i","254":"o","255":"/","256":"p","257":"o","258":"r","259":"t","260":"f","261":"o","262":"l","263":"i","264":"o","265":"/","266":"s","267":"r","268":"c","269":"/","270":"c","271":"o","272":"m","273":"p","274":"o","275":"n","276":"e","277":"n","278":"t","279":"s","280":"/","281":"B","282":"a","283":"s","284":"e","285":"H","286":"e","287":"a","288":"d","289":"e","290":"r","291":".","292":"v","293":"u","294":"e","295":"\"","296":",","297":"\"","298":"s","299":"o","300":"u","301":"r","302":"c","303":"e","304":"s","305":"C","306":"o","307":"n","308":"t","309":"e","310":"n","311":"t","312":"\"","313":":","314":"[","315":"\"","316":"<","317":"t","318":"e","319":"m","320":"p","321":"l","322":"a","323":"t","324":"e","325":">","326":"\\","327":"n","328":" ","329":" ","330":"<","331":"h","332":"1","333":"\\","334":"n","335":" ","336":" ","337":" ","338":" ","339":"c","340":"l","341":"a","342":"s","343":"s","344":"=","345":"\\","346":"\"","347":"t","348":"e","349":"x","350":"t","351":"-","352":"4","353":"x","354":"l","355":" ","356":"m","357":"l","358":"-","359":"5","360":" ","361":"w","362":"h","363":"i","364":"t","365":"e","366":"s","367":"p","368":"a","369":"c","370":"e","371":"-","372":"p","373":"r","374":"e","375":"-","376":"w","377":"r","378":"a","379":"p","380":" ","381":"s","382":"m","383":":","384":"m","385":"l","386":"-","387":"0","388":" ","389":"s","390":"m","391":":","392":"t","393":"e","394":"x","395":"t","396":"-","397":"5","398":"x","399":"l","400":" ","401":"t","402":"e","403":"x","404":"t","405":"-","406":"g","407":"r","408":"a","409":"y","410":"-","411":"1","412":"0","413":"0","414":" ","415":"p","416":"t","417":"-","418":"5","419":" ","420":"p","421":"b","422":"-","423":"2","424":" ","425":"t","426":"e","427":"x","428":"t","429":"-","430":"c","431":"e","432":"n","433":"t","434":"e","435":"r","436":" ","437":"w","438":"-","439":"s","440":"c","441":"r","442":"e","443":"e","444":"n","445":" ","446":"b","447":"g","448":"-","449":"d","450":"e","451":"s","452":"a","453":"t","454":"u","455":"r","456":"a","457":"t","458":"e","459":"d","460":"-","461":"p","462":"u","463":"r","464":"p","465":"l","466":"e","467":" ","468":"s","469":"h","470":"a","471":"d","472":"o","473":"w","474":"-","475":"m","476":"d","477":" ","478":"s","479":"h","480":"a","481":"d","482":"o","483":"w","484":"-","485":"z","486":"i","487":"n","488":"c","489":"-","490":"8","491":"0","492":"0","493":"\\","494":"\"","495":"\\","496":"n","497":" ","498":" ","499":">","500":"\\","501":"n","502":" ","503":" ","504":" ","505":" ","506":"{","507":"{","508":" ","509":"t","510":"e","511":"x","512":"t","513":" ","514":"}","515":"}","516":"\\","517":"n","518":" ","519":" ","520":"<","521":"/","522":"h","523":"1","524":">","525":"\\","526":"n","527":"<","528":"/","529":"t","530":"e","531":"m","532":"p","533":"l","534":"a","535":"t","536":"e","537":">","538":"\\","539":"n","540":"\\","541":"n","542":"<","543":"s","544":"c","545":"r","546":"i","547":"p","548":"t","549":">","550":"\\","551":"n","552":"e","553":"x","554":"p","555":"o","556":"r","557":"t","558":" ","559":"d","560":"e","561":"f","562":"a","563":"u","564":"l","565":"t","566":" ","567":"{","568":"\\","569":"n","570":" ","571":" ","572":"p","573":"r","574":"o","575":"p","576":"s","577":":","578":" ","579":"{","580":"\\","581":"n","582":" ","583":" ","584":" ","585":" ","586":"t","587":"e","588":"x","589":"t","590":":","591":" ","592":"{","593":"\\","594":"n","595":" ","596":" ","597":" ","598":" ","599":" ","600":" ","601":"r","602":"e","603":"q","604":"u","605":"i","606":"r","607":"e","608":"d","609":":","610":" ","611":"t","612":"r","613":"u","614":"e","615":",","616":"\\","617":"n","618":" ","619":" ","620":" ","621":" ","622":" ","623":" ","624":"t","625":"y","626":"p","627":"e","628":":","629":" ","630":"S","631":"t","632":"r","633":"i","634":"n","635":"g","636":",","637":"\\","638":"n","639":" ","640":" ","641":" ","642":" ","643":"}","644":",","645":"\\","646":"n","647":" ","648":" ","649":"}","650":",","651":"\\","652":"n","653":"}","654":";","655":"\\","656":"n","657":"<","658":"/","659":"s","660":"c","661":"r","662":"i","663":"p","664":"t","665":">","666":"\\","667":"n","668":"\"","669":"]","670":"}"},"_coverageSchema":"1a1c01bbd47fc00a2c39e90264f33305004495a9","hash":"be1c0beda7a5c2a0f444ec9c04918aa0acc4250d"}
,"/home/samerius/Portfolio/portfolio/src/components/BaseSidebar.vue": {"path":"/home/samerius/Portfolio/portfolio/src/components/BaseSidebar.vue","statementMap":{"0":{"start":{"line":4,"column":0},"end":{"line":6,"column":3}},"1":{"start":{"line":7,"column":0},"end":{"line":7,"column":40}},"2":{"start":{"line":8,"column":13},"end":{"line":14,"column":2}},"3":{"start":{"line":17,"column":15},"end":{"line":39,"column":1}},"4":{"start":{"line":19,"column":4},"end":{"line":23,"column":6}},"5":{"start":{"line":29,"column":8},"end":{"line":35,"column":9}},"6":{"start":{"line":30,"column":10},"end":{"line":32,"column":18}},"7":{"start":{"line":31,"column":12},"end":{"line":31,"column":35}},"8":{"start":{"line":34,"column":10},"end":{"line":34,"column":32}},"9":{"start":{"line":42,"column":0},"end":{"line":42,"column":13}},"10":{"start":{"line":44,"column":29},"end":{"line":44,"column":143}},"11":{"start":{"line":45,"column":0},"end":{"line":47,"column":3}},"12":{"start":{"line":48,"column":0},"end":{"line":48,"column":24}},"13":{"start":{"line":49,"column":11},"end":{"line":49,"column":25}},"14":{"start":{"line":50,"column":15},"end":{"line":50,"column":71}},"15":{"start":{"line":51,"column":14},"end":{"line":51,"column":69}},"16":{"start":{"line":52,"column":16},"end":{"line":52,"column":73}},"17":{"start":{"line":53,"column":19},"end":{"line":57,"column":1}},"18":{"start":{"line":58,"column":32},"end":{"line":62,"column":26}},"19":{"start":{"line":63,"column":32},"end":{"line":65,"column":36}},"20":{"start":{"line":66,"column":32},"end":{"line":68,"column":75}},"21":{"start":{"line":69,"column":19},"end":{"line":71,"column":1}},"22":{"start":{"line":72,"column":32},"end":{"line":72,"column":450}},"23":{"start":{"line":74,"column":32},"end":{"line":74,"column":72}},"24":{"start":{"line":75,"column":2},"end":{"line":95,"column":112}},"25":{"start":{"line":79,"column":49},"end":{"line":79,"column":75}},"26":{"start":{"line":86,"column":4},"end":{"line":94,"column":57}},"27":{"start":{"line":91,"column":39},"end":{"line":91,"column":117}},"28":{"start":{"line":96,"column":2},"end":{"line":96,"column":49}}},"fnMap":{"0":{"name":"(anonymous_0)","decl":{"start":{"line":18,"column":2},"end":{"line":18,"column":3}},"loc":{"start":{"line":18,"column":9},"end":{"line":24,"column":3}},"line":18},"1":{"name":"(anonymous_1)","decl":{"start":{"line":28,"column":6},"end":{"line":28,"column":7}},"loc":{"start":{"line":28,"column":28},"end":{"line":36,"column":7}},"line":28},"2":{"name":"(anonymous_2)","decl":{"start":{"line":30,"column":21},"end":{"line":30,"column":22}},"loc":{"start":{"line":30,"column":27},"end":{"line":32,"column":11}},"line":30},"3":{"name":"render","decl":{"start":{"line":73,"column":9},"end":{"line":73,"column":15}},"loc":{"start":{"line":73,"column":30},"end":{"line":96,"column":1}},"line":73},"4":{"name":"(anonymous_4)","decl":{"start":{"line":79,"column":39},"end":{"line":79,"column":40}},"loc":{"start":{"line":79,"column":49},"end":{"line":79,"column":75}},"line":79},"5":{"name":"(anonymous_5)","decl":{"start":{"line":85,"column":367},"end":{"line":85,"column":368}},"loc":{"start":{"line":85,"column":374},"end":{"line":95,"column":3}},"line":85},"6":{"name":"(anonymous_6)","decl":{"start":{"line":91,"column":33},"end":{"line":91,"column":34}},"loc":{"start":{"line":91,"column":39},"end":{"line":91,"column":117}},"line":91}},"branchMap":{"0":{"loc":{"start":{"line":29,"column":8},"end":{"line":35,"column":9}},"type":"if","locations":[{"start":{"line":29,"column":8},"end":{"line":35,"column":9}},{"start":{"line":33,"column":15},"end":{"line":35,"column":9}}],"line":29},"1":{"loc":{"start":{"line":76,"column":201},"end":{"line":76,"column":271}},"type":"cond-expr","locations":[{"start":{"line":76,"column":215},"end":{"line":76,"column":230}},{"start":{"line":76,"column":233},"end":{"line":76,"column":271}}],"line":76},"2":{"loc":{"start":{"line":79,"column":13},"end":{"line":79,"column":76}},"type":"binary-expr","locations":[{"start":{"line":79,"column":13},"end":{"line":79,"column":22}},{"start":{"line":79,"column":27},"end":{"line":79,"column":75}}],"line":79},"3":{"loc":{"start":{"line":85,"column":31},"end":{"line":85,"column":57}},"type":"cond-expr","locations":[{"start":{"line":85,"column":48},"end":{"line":85,"column":51}},{"start":{"line":85,"column":54},"end":{"line":85,"column":57}}],"line":85},"4":{"loc":{"start":{"line":85,"column":82},"end":{"line":95,"column":94}},"type":"cond-expr","locations":[{"start":{"line":85,"column":100},"end":{"line":95,"column":48}},{"start":{"line":95,"column":52},"end":{"line":95,"column":94}}],"line":85}},"s":{"0":1,"1":1,"2":1,"3":1,"4":3,"5":7,"6":4,"7":1,"8":3,"9":1,"10":1,"11":1,"12":1,"13":1,"14":1,"15":1,"16":1,"17":1,"18":1,"19":1,"20":1,"21":1,"22":1,"23":9,"24":9,"25":2,"26":10,"27":10,"28":1},"f":{"0":3,"1":7,"2":1,"3":9,"4":2,"5":10,"6":10},"b":{"0":[4,3],"1":[3,6],"2":[9,3],"3":[5,4],"4":[5,4]},"inputSourceMap":{"0":"{","1":"\"","2":"v","3":"e","4":"r","5":"s","6":"i","7":"o","8":"n","9":"\"","10":":","11":"3","12":",","13":"\"","14":"s","15":"o","16":"u","17":"r","18":"c","19":"e","20":"s","21":"\"","22":":","23":"[","24":"\"","25":"/","26":"h","27":"o","28":"m","29":"e","30":"/","31":"s","32":"a","33":"m","34":"e","35":"r","36":"i","37":"u","38":"s","39":"/","40":"P","41":"o","42":"r","43":"t","44":"f","45":"o","46":"l","47":"i","48":"o","49":"/","50":"p","51":"o","52":"r","53":"t","54":"f","55":"o","56":"l","57":"i","58":"o","59":"/","60":"s","61":"r","62":"c","63":"/","64":"c","65":"o","66":"m","67":"p","68":"o","69":"n","70":"e","71":"n","72":"t","73":"s","74":"/","75":"B","76":"a","77":"s","78":"e","79":"S","80":"i","81":"d","82":"e","83":"b","84":"a","85":"r","86":".","87":"v","88":"u","89":"e","90":"\"","91":"]","92":",","93":"\"","94":"n","95":"a","96":"m","97":"e","98":"s","99":"\"","100":":","101":"[","102":"]","103":",","104":"\"","105":"m","106":"a","107":"p","108":"p","109":"i","110":"n","111":"g","112":"s","113":"\"","114":":","115":"\"","116":";","117":";","118":";","119":";","120":";","121":";","122":";","123":"A","124":"A","125":"i","126":"E","127":"O","128":",","129":"M","130":"A","131":"A","132":"M","133":",","134":"I","135":"A","136":"A","137":"I","138":",","139":"G","140":"A","141":"A","142":"G","143":",","144":"C","145":"A","146":"C","147":"l","148":"B","149":";","150":"E","151":"A","152":"C","153":"E","154":",","155":"I","156":"A","157":"A","158":"I","159":",","160":"E","161":"A","162":"A","163":"E","164":",","165":"G","166":"A","167":"A","168":"G","169":";","170":"E","171":"A","172":"C","173":"T","174":",","175":"I","176":"A","177":"A","178":"I","179":",","180":"E","181":"A","182":"A","183":"E","184":";","185":"A","186":"A","187":"C","188":"R","189":",","190":"C","191":"A","192":"A","193":"C","194":",","195":"E","196":"A","197":"C","198":"D","199":";","200":"E","201":"A","202":"C","203":"E","204":",","205":"I","206":"A","207":"A","208":"I","209":",","210":"E","211":"A","212":"A","213":"E","214":",","215":"W","216":"A","217":"A","218":"W","219":";","220":"E","221":"A","222":"C","223":"j","224":"B","225":",","226":"I","227":"A","228":"A","229":"I","230":",","231":"E","232":"A","233":"A","234":"E","235":";","236":"A","237":"A","238":"C","239":"R","240":",","241":"C","242":"A","243":"A","244":"C","245":",","246":"C","247":"A","248":"C","249":"F","250":";","251":"A","252":"A","253":"A","254":"C","255":";","256":"A","257":"A","258":"A","259":"A","260":";","261":"A","262":"A","263":"A","264":"A","265":",","266":"e","267":"A","268":"E","269":"a","270":";","271":"E","272":"A","273":"C","274":"b","275":",","276":"I","277":"A","278":"A","279":"I","280":",","281":"G","282":"A","283":"A","284":"G","285":";","286":"I","287":"A","288":"C","289":"L","290":",","291":"O","292":"A","293":"A","294":"O","295":";","296":"M","297":"A","298":"C","299":"L","300":",","301":"S","302":"A","303":"A","304":"S","305":",","306":"E","307":"A","308":"A","309":"E","310":",","311":"K","312":"A","313":"A","314":"K","315":";","316":"M","317":"A","318":"C","319":"h","320":"B","321":",","322":"M","323":"A","324":"A","325":"M","326":",","327":"E","328":"A","329":"A","330":"E","331":",","332":"K","333":"A","334":"A","335":"K","336":";","337":"M","338":"A","339":"C","340":"b","341":";","342":"I","343":"A","344":"C","345":"F","346":",","347":"C","348":"A","349":"A","350":"C","351":";","352":"E","353":"A","354":"C","355":"H","356":",","357":"C","358":"A","359":"A","360":"C","361":";","362":"E","363":"A","364":"C","365":"D","366":",","367":"K","368":"A","369":"A","370":"K","371":",","372":"E","373":"A","374":"A","375":"E","376":";","377":"I","378":"A","379":"C","380":"L","381":",","382":"M","383":"A","384":"A","385":"M","386":",","387":"E","388":"A","389":"A","390":"E","391":";","392":"M","393":"A","394":"C","395":"N","396":",","397":"S","398":"A","399":"A","400":"S","401":",","402":"E","403":"A","404":"A","405":"E","406":",","407":"I","408":"A","409":"A","410":"I","411":";","412":"M","413":"A","414":"C","415":"f","416":",","417":"M","418":"A","419":"A","420":"M","421":",","422":"O","423":"A","424":"A","425":"O","426":",","427":"C","428":"A","429":"A","430":"C","431":",","432":"M","433":"A","434":"A","435":"M","436":",","437":"E","438":"A","439":"A","440":"E","441":";","442":"Q","443":"A","444":"C","445":"p","446":"B","447":",","448":"I","449":"A","450":"A","451":"I","452":",","453":"C","454":"A","455":"A","456":"C","457":",","458":"M","459":"A","460":"A","461":"M","462":",","463":"E","464":"A","465":"A","466":"E","467":";","468":"U","469":"A","470":"C","471":"X","472":",","473":"U","474":"A","475":"A","476":"U","477":",","478":"C","479":"A","480":"A","481":"C","482":",","483":"M","484":"A","485":"A","486":"M","487":";","488":"Y","489":"A","490":"C","491":"f","492":",","493":"I","494":"A","495":"A","496":"I","497":",","498":"C","499":"A","500":"A","501":"C","502":",","503":"S","504":"A","505":"A","506":"S","507":",","508":"G","509":"A","510":"A","511":"G","512":",","513":"K","514":"A","515":"A","516":"K","517":";","518":"U","519":"A","520":"C","521":"x","522":"B","523":",","524":"C","525":"A","526":"A","527":"C","528":",","529":"E","530":"A","531":"A","532":"E","533":",","534":"G","535":"A","536":"A","537":"G","538":",","539":"C","540":"A","541":"A","542":"C","543":";","544":"Q","545":"A","546":"C","547":"T","548":",","549":"C","550":"A","551":"A","552":"C","553":",","554":"M","555":"A","556":"A","557":"M","558":";","559":"U","560":"A","561":"C","562":"L","563":",","564":"I","565":"A","566":"A","567":"I","568":",","569":"C","570":"A","571":"A","572":"C","573":",","574":"S","575":"A","576":"A","577":"S","578":",","579":"G","580":"A","581":"A","582":"G","583":",","584":"I","585":"A","586":"A","587":"I","588":";","589":"Q","590":"A","591":"C","592":"v","593":"B","594":";","595":"M","596":"A","597":"C","598":"F","599":";","600":"I","601":"A","602":"C","603":"F","604":";","605":"E","606":"A","607":"C","608":"F","609":";","610":"A","611":"A","612":"C","613":"F","614":",","615":"C","616":"A","617":"A","618":"C","619":";","620":"A","621":"A","622":"A","623":"A","624":";","625":"A","626":"A","627":"A","628":"A","629":"\"","630":",","631":"\"","632":"f","633":"i","634":"l","635":"e","636":"\"","637":":","638":"\"","639":"/","640":"h","641":"o","642":"m","643":"e","644":"/","645":"s","646":"a","647":"m","648":"e","649":"r","650":"i","651":"u","652":"s","653":"/","654":"P","655":"o","656":"r","657":"t","658":"f","659":"o","660":"l","661":"i","662":"o","663":"/","664":"p","665":"o","666":"r","667":"t","668":"f","669":"o","670":"l","671":"i","672":"o","673":"/","674":"s","675":"r","676":"c","677":"/","678":"c","679":"o","680":"m","681":"p","682":"o","683":"n","684":"e","685":"n","686":"t","687":"s","688":"/","689":"B","690":"a","691":"s","692":"e","693":"S","694":"i","695":"d","696":"e","697":"b","698":"a","699":"r","700":".","701":"v","702":"u","703":"e","704":"\"","705":",","706":"\"","707":"s","708":"o","709":"u","710":"r","711":"c","712":"e","713":"s","714":"C","715":"o","716":"n","717":"t","718":"e","719":"n","720":"t","721":"\"","722":":","723":"[","724":"\"","725":"<","726":"t","727":"e","728":"m","729":"p","730":"l","731":"a","732":"t","733":"e","734":">","735":"\\","736":"n","737":" ","738":" ","739":"<","740":"a","741":"s","742":"i","743":"d","744":"e","745":"\\","746":"n","747":" ","748":" ","749":" ","750":" ","751":"c","752":"l","753":"a","754":"s","755":"s","756":"=","757":"\\","758":"\"","759":"t","760":"r","761":"a","762":"n","763":"s","764":"f","765":"o","766":"r","767":"m","768":" ","769":"t","770":"o","771":"p","772":"-","773":"0","774":" ","775":"l","776":"e","777":"f","778":"t","779":"-","780":"0","781":" ","782":"b","783":"g","784":"-","785":"s","786":"l","787":"a","788":"t","789":"e","790":"-","791":"8","792":"0","793":"0","794":" ","795":"w","796":"-","797":"2","798":"0","799":" ","800":"s","801":"m","802":":","803":"w","804":"-","805":"8","806":"0","807":" ","808":"t","809":"e","810":"x","811":"t","812":"-","813":"g","814":"r","815":"a","816":"y","817":"-","818":"2","819":"0","820":"0","821":" ","822":"t","823":"e","824":"x","825":"t","826":"-","827":"c","828":"e","829":"n","830":"t","831":"e","832":"r","833":" ","834":"f","835":"i","836":"x","837":"e","838":"d","839":" ","840":"h","841":"-","842":"f","843":"u","844":"l","845":"l","846":" ","847":"o","848":"v","849":"e","850":"r","851":"f","852":"l","853":"o","854":"w","855":"-","856":"a","857":"u","858":"t","859":"o","860":" ","861":"e","862":"a","863":"s","864":"e","865":"-","866":"i","867":"n","868":"-","869":"o","870":"u","871":"t","872":" ","873":"t","874":"r","875":"a","876":"n","877":"s","878":"i","879":"t","880":"i","881":"o","882":"n","883":"-","884":"a","885":"l","886":"l","887":" ","888":"d","889":"u","890":"r","891":"a","892":"t","893":"i","894":"o","895":"n","896":"-","897":"3","898":"0","899":"0","900":" ","901":"z","902":"-","903":"3","904":"0","905":" ","906":"f","907":"l","908":"e","909":"x","910":" ","911":"f","912":"l","913":"e","914":"x","915":"-","916":"c","917":"o","918":"l","919":"\\","920":"\"","921":"\\","922":"n","923":" ","924":" ","925":" ","926":" ","927":":","928":"c","929":"l","930":"a","931":"s","932":"s","933":"=","934":"\\","935":"\"","936":"i","937":"s","938":"O","939":"p","940":"e","941":"n","942":" ","943":"?","944":" ","945":"'","946":"t","947":"r","948":"a","949":"n","950":"s","951":"l","952":"a","953":"t","954":"e","955":"-","956":"x","957":"-","958":"0","959":"'","960":" ","961":":","962":" ","963":"'","964":"-","965":"t","966":"r","967":"a","968":"n","969":"s","970":"l","971":"a","972":"t","973":"e","974":"-","975":"x","976":"-","977":"1","978":"/","979":"2","980":" ","981":"s","982":"m","983":":","984":"-","985":"t","986":"r","987":"a","988":"n","989":"s","990":"l","991":"a","992":"t","993":"e","994":"-","995":"x","996":"-","997":"3","998":"/","999":"4","1000":"'","1001":"\\","1002":"\"","1003":"\\","1004":"n","1005":" ","1006":" ","1007":">","1008":"\\","1009":"n","1010":" ","1011":" ","1012":" ","1013":" ","1014":"<","1015":"b","1016":"u","1017":"t","1018":"t","1019":"o","1020":"n","1021":"\\","1022":"n","1023":" ","1024":" ","1025":" ","1026":" ","1027":" ","1028":" ","1029":"i","1030":"d","1031":"=","1032":"\\","1033":"\"","1034":"e","1035":"x","1036":"p","1037":"a","1038":"n","1039":"d","1040":"-","1041":"b","1042":"u","1043":"t","1044":"t","1045":"o","1046":"n","1047":"\\","1048":"\"","1049":"\\","1050":"n","1051":" ","1052":" ","1053":" ","1054":" ","1055":" ","1056":" ","1057":"@","1058":"c","1059":"l","1060":"i","1061":"c","1062":"k","1063":"=","1064":"\\","1065":"\"","1066":"i","1067":"s","1068":"O","1069":"p","1070":"e","1071":"n","1072":" ","1073":"=","1074":" ","1075":"!","1076":"i","1077":"s","1078":"O","1079":"p","1080":"e","1081":"n","1082":"\\","1083":"\"","1084":"\\","1085":"n","1086":" ","1087":" ","1088":" ","1089":" ","1090":" ","1091":" ","1092":"c","1093":"l","1094":"a","1095":"s","1096":"s","1097":"=","1098":"\\","1099":"\"","1100":"t","1101":"e","1102":"x","1103":"t","1104":"-","1105":"3","1106":"x","1107":"l","1108":" ","1109":"p","1110":"t","1111":"-","1112":"2","1113":" ","1114":"z","1115":"-","1116":"5","1117":"0","1118":" ","1119":"h","1120":"o","1121":"v","1122":"e","1123":"r","1124":":","1125":"t","1126":"e","1127":"x","1128":"t","1129":"-","1130":"g","1131":"r","1132":"a","1133":"y","1134":"-","1135":"4","1136":"0","1137":"0","1138":"\\","1139":"\"","1140":"\\","1141":"n","1142":" ","1143":" ","1144":" ","1145":" ","1146":" ","1147":" ","1148":":","1149":"c","1150":"l","1151":"a","1152":"s","1153":"s","1154":"=","1155":"\\","1156":"\"","1157":"{","1158":"\\","1159":"n","1160":" ","1161":" ","1162":" ","1163":" ","1164":" ","1165":" ","1166":" ","1167":" ","1168":"'","1169":"p","1170":"r","1171":"-","1172":"2","1173":" ","1174":"m","1175":"x","1176":"-","1177":"a","1178":"u","1179":"t","1180":"o","1181":" ","1182":"s","1183":"m","1184":":","1185":"m","1186":"x","1187":"-","1188":"0","1189":" ","1190":"s","1191":"m","1192":":","1193":"m","1194":"l","1195":"-","1196":"a","1197":"u","1198":"t","1199":"o","1200":"'","1201":":","1202":" ","1203":"i","1204":"s","1205":"S","1206":"h","1207":"o","1208":"w","1209":"i","1210":"n","1211":"g","1212":",","1213":"\\","1214":"n","1215":" ","1216":" ","1217":" ","1218":" ","1219":" ","1220":" ","1221":" ","1222":" ","1223":"'","1224":"a","1225":"b","1226":"s","1227":"o","1228":"l","1229":"u","1230":"t","1231":"e","1232":" ","1233":"-","1234":"t","1235":"o","1236":"p","1237":"-","1238":"1","1239":" ","1240"
[...]
":"G","398":"A","399":"A","400":"G","401":",","402":"I","403":"A","404":"A","405":"I","406":",","407":"C","408":"A","409":"A","410":"C","411":",","412":"C","413":"A","414":"A","415":"C","416":",","417":"I","418":"A","419":"A","420":"I","421":",","422":"E","423":"A","424":"A","425":"E","426":";","427":"Q","428":"A","429":"C","430":"x","431":"B","432":",","433":"I","434":"A","435":"A","436":"I","437":",","438":"C","439":"A","440":"A","441":"C","442":",","443":"Q","444":"A","445":"A","446":"Q","447":",","448":"C","449":"A","450":"A","451":"C","452":",","453":"G","454":"A","455":"A","456":"G","457":",","458":"C","459":"A","460":"A","461":"C","462":",","463":"E","464":"A","465":"A","466":"E","467":";","468":"U","469":"A","470":"C","471":"l","472":"B","473":",","474":"Q","475":"A","476":"A","477":"Q","478":",","479":"C","480":"A","481":"A","482":"C","483":",","484":"G","485":"A","486":"A","487":"G","488":",","489":"C","490":"A","491":"A","492":"C","493":",","494":"G","495":"A","496":"A","497":"G","498":",","499":"C","500":"A","501":"A","502":"C","503":";","504":"Q","505":"A","506":"C","507":"n","508":"B","509":";","510":"Q","511":"A","512":"C","513":"A","514":",","515":"Q","516":"A","517":"A","518":"Q","519":",","520":"C","521":"A","522":"A","523":"C","524":",","525":"G","526":"A","527":"A","528":"G","529":",","530":"C","531":"A","532":"A","533":"C","534":",","535":"G","536":"A","537":"A","538":"G","539":",","540":"Q","541":"A","542":"A","543":"Q","544":",","545":"C","546":"A","547":"A","548":"C","549":",","550":"G","551":"A","552":"A","553":"G","554":",","555":"C","556":"A","557":"A","558":"C","559":",","560":"G","561":"A","562":"A","563":"G","564":",","565":"C","566":"A","567":"A","568":"C","569":";","570":"M","571":"A","572":"C","573":"n","574":"C","575":";","576":"I","577":"A","578":"C","579":"F","580":";","581":"I","582":"A","583":"C","584":"A","585":",","586":"M","587":"A","588":"A","589":"M","590":",","591":"a","592":"A","593":"A","594":"a","595":",","596":"G","597":"A","598":"A","599":"G","600":",","601":"M","602":"A","603":"A","604":"M","605":",","606":"C","607":"A","608":"A","609":"C","610":",","611":"I","612":"A","613":"A","614":"I","615":",","616":"C","617":"A","618":"A","619":"C","620":",","621":"Q","622":"A","623":"A","624":"Q","625":",","626":"C","627":"A","628":"A","629":"C","630":";","631":"I","632":"A","633":"C","634":"3","635":"C","636":",","637":"a","638":"A","639":"A","640":"a","641":",","642":"C","643":"A","644":"A","645":"C","646":",","647":"I","648":"A","649":"A","650":"I","651":",","652":"C","653":"A","654":"A","655":"C","656":",","657":"C","658":"A","659":"A","660":"C","661":",","662":"I","663":"A","664":"A","665":"I","666":",","667":"E","668":"A","669":"A","670":"E","671":",","672":"I","673":"A","674":"A","675":"I","676":",","677":"K","678":"A","679":"A","680":"K","681":";","682":"M","683":"A","684":"C","685":"j","686":"C","687":",","688":"I","689":"A","690":"A","691":"I","692":",","693":"I","694":"A","695":"A","696":"I","697":",","698":"K","699":"A","700":"A","701":"K","702":",","703":"G","704":"A","705":"A","706":"G","707":",","708":"E","709":"A","710":"A","711":"E","712":";","713":"Q","714":"A","715":"C","716":"h","717":"B","718":",","719":"O","720":"A","721":"A","722":"O","723":",","724":"C","725":"A","726":"A","727":"C","728":",","729":"C","730":"A","731":"A","732":"C","733":";","734":"M","735":"A","736":"C","737":"X","738":",","739":"C","740":"A","741":"A","742":"C","743":",","744":"M","745":"A","746":"A","747":"M","748":",","749":"I","750":"A","751":"A","752":"I","753":",","754":"I","755":"A","756":"A","757":"I","758":",","759":"K","760":"A","761":"A","762":"K","763":",","764":"G","765":"A","766":"A","767":"G","768":",","769":"E","770":"A","771":"A","772":"E","773":";","774":"Q","775":"A","776":"C","777":"v","778":"B","779":",","780":"O","781":"A","782":"A","783":"O","784":",","785":"C","786":"A","787":"A","788":"C","789":";","790":"M","791":"A","792":"C","793":"V","794":";","795":"M","796":"A","797":"C","798":"A","799":",","800":"O","801":"A","802":"A","803":"O","804":",","805":"Q","806":"A","807":"A","808":"Q","809":",","810":"C","811":"A","812":"A","813":"C","814":",","815":"I","816":"A","817":"A","818":"I","819":",","820":"C","821":"A","822":"A","823":"C","824":",","825":"G","826":"A","827":"A","828":"G","829":",","830":"Q","831":"A","832":"A","833":"Q","834":",","835":"C","836":"A","837":"A","838":"C","839":",","840":"I","841":"A","842":"A","843":"I","844":",","845":"C","846":"A","847":"A","848":"C","849":";","850":"I","851":"A","852":"C","853":"x","854":"C","855":",","856":"C","857":"A","858":"A","859":"C","860":",","861":"C","862":"A","863":"A","864":"C","865":";","866":"I","867":"A","868":"E","869":"F","870":",","871":"O","872":"A","873":"A","874":"O","875":";","876":"M","877":"A","878":"C","879":"L","880":";","881":"I","882":"A","883":"C","884":"F","885":",","886":"C","887":"A","888":"A","889":"C","890":";","891":"E","892":"A","893":"C","894":"H","895":";","896":"A","897":"A","898":"C","899":"F","900":",","901":"C","902":"A","903":"A","904":"C","905":";","906":"A","907":"A","908":"A","909":"A","910":";","911":"A","912":"A","913":"A","914":"A","915":"\"","916":",","917":"\"","918":"f","919":"i","920":"l","921":"e","922":"\"","923":":","924":"\"","925":"/","926":"h","927":"o","928":"m","929":"e","930":"/","931":"s","932":"a","933":"m","934":"e","935":"r","936":"i","937":"u","938":"s","939":"/","940":"P","941":"o","942":"r","943":"t","944":"f","945":"o","946":"l","947":"i","948":"o","949":"/","950":"p","951":"o","952":"r","953":"t","954":"f","955":"o","956":"l","957":"i","958":"o","959":"/","960":"s","961":"r","962":"c","963":"/","964":"c","965":"o","966":"m","967":"p","968":"o","969":"n","970":"e","971":"n","972":"t","973":"s","974":"/","975":"T","976":"a","977":"g","978":"L","979":"i","980":"s","981":"t","982":"e","983":"r","984":".","985":"v","986":"u","987":"e","988":"\"","989":",","990":"\"","991":"s","992":"o","993":"u","994":"r","995":"c","996":"e","997":"s","998":"C","999":"o","1000":"n","1001":"t","1002":"e","1003":"n","1004":"t","1005":"\"","1006":":","1007":"[","1008":"\"","1009":"<","1010":"t","1011":"e","1012":"m","1013":"p","1014":"l","1015":"a","1016":"t","1017":"e","1018":">","1019":"\\","1020":"n","1021":" ","1022":" ","1023":"<","1024":"d","1025":"i","1026":"v","1027":" ","1028":"c","1029":"l","1030":"a","1031":"s","1032":"s","1033":"=","1034":"\\","1035":"\"","1036":"f","1037":"l","1038":"e","1039":"x","1040":" ","1041":"f","1042":"l","1043":"e","1044":"x","1045":"-","1046":"c","1047":"o","1048":"l","1049":" ","1050":"x","1051":"l","1052":":","1053":"w","1054":"-","1055":"f","1056":"u","1057":"l","1058":"l","1059":" ","1060":"w","1061":"-","1062":"3","1063":"2","1064":" ","1065":"o","1066":"v","1067":"e","1068":"r","1069":"f","1070":"l","1071":"o","1072":"w","1073":"-","1074":"y","1075":"-","1076":"a","1077":"u","1078":"t","1079":"o","1080":" ","1081":"o","1082":"v","1083":"e","1084":"r","1085":"f","1086":"l","1087":"o","1088":"w","1089":"-","1090":"x","1091":"-","1092":"h","1093":"i","1094":"d","1095":"d","1096":"e","1097":"n","1098":"\\","1099":"\"","1100":">","1101":"\\","1102":"n","1103":" ","1104":" ","1105":" ","1106":" ","1107":"<","1108":"h","1109":"2","1110":" ","1111":"c","1112":"l","1113":"a","1114":"s","1115":"s","1116":"=","1117":"\\","1118":"\"","1119":"t","1120":"e","1121":"x","1122":"t","1123":"-","1124":"g","1125":"r","1126":"a","1127":"y","1128":"-","1129":"1","1130":"0","1131":"0","1132":" ","1133":"t","1134":"e","1135":"x","1136":"t","1137":"-","1138":"2","1139":"x","1140":"l","1141":" ","1142":"t","1143":"e","1144":"x","1145":"t","1146":"-","1147":"r","1148":"i","1149":"g","1150":"h","1151":"t","1152":" ","1153":"m","1154":"r","1155":"-","1156":"2","1157":"\\","1158":"\"","1159":">","1160":"A","1161":"l","1162":"l","1163":" ","1164":"T","1165":"a","1166":"g","1167":"s","1168":"<","1169":"/","1170":"h","1171":"2","1172":">","1173":"\\","1174":"n","1175":" ","1176":" ","1177":" ","1178":" ","1179":"<","1180":"d","1181":"i","1182":"v","1183":"\\","1184":"n","1185":" ","1186":" ","1187":" ","1188":" ","1189":" ","1190":" ","1191":"c","1192":"l","1193":"a","1194":"s","1195":"s","1196":"=","1197":"\\","1198":"\"","1199":"f","1200":"l","1201":"e","1202":"x","1203":" ","1204":"f","1205":"l","1206":"e","1207":"x","1208":"-","1209":"r","1210":"o","1211":"w","1212":" ","1213":"f","1214":"l","1215":"e","1216":"x","1217":"-","1218":"w","1219":"r","1220":"a","1221":"p","1222":" ","1223":"s","1224":"c","1225":"r","1226":"o","1227":"l","1228":" ","1229":"h","1230":"-","1231":"9","1232":"6","1233":" ","1234":"l","1235":"g","1236":":","1237":"w","1238":"-","1239":"3","1240":"2","1241":" ","1242":"x","1243":"l","1244":":","1245":"w","1246":"-","1247":"6","1248":"4","1249":" ","1250":"2","1251":"x","1252":"l","1253":":","1254":"w","1255":"-","1256":"8","1257":"4","1258":" ","1259":"j","1260":"u","1261":"s","1262":"t","1263":"i","1264":"f","1265":"y","1266":"-","1267":"e","1268":"n","1269":"d","1270":"\\","1271":"\"","1272":"\\","1273":"n","1274":" ","1275":" ","1276":" ","1277":" ","1278":">","1279":"\\","1280":"n","1281":" ","1282":" ","1283":" ","1284":" ","1285":" ","1286":" ","1287":"<","1288":"P","1289":"o","1290":"s","1291":"t","1292":"T","1293":"a","1294":"g","1295":" ","1296":"v","1297":"-","1298":"f","1299":"o","1300":"r","1301":"=","1302":"\\","1303":"\"","1304":"t","1305":"a","1306":"g","1307":" ","1308":"i","1309":"n","1310":" ","1311":"O","1312":"r","1313":"g","1314":"a","1315":"n","1316":"i","1317":"z","1318":"e","1319":"d","1320":"T","1321":"a","1322":"g","1323":"s","1324":"\\","1325":"\"","1326":" ","1327":":","1328":"k","1329":"e","1330":"y","1331":"=","1332":"\\","1333":"\"","1334":"`","1335":"t","1336":"a","1337":"g","1338":"-","1339":"$","1340":"{","1341":"t","1342":"a","1343":"g","1344":"}","1345":"`","1346":"\\","1347":"\"","1348":" ","1349":":","1350":"t","1351":"a","1352":"g","1353":"=","1354":"\\","1355":"\"","1356":"t","1357":"a","1358":"g","1359":"\\","1360":"\"","1361":" ","1362":"/","1363":">","1364":"\\","1365":"n","1366":" ","1367":" ","1368":" ","1369":" ","1370":"<","1371":"/","1372":"d","1373":"i","1374":"v","1375":">","1376":"\\","1377":"n","1378":" ","1379":" ","1380":"<","1381":"/","1382":"d","1383":"i","1384":"v","1385":">","1386":"\\","1387":"n","1388":"<","1389":"/","1390":"t","1391":"e","1392":"m","1393":"p","1394":"l","1395":"a","1396":"t","1397":"e","1398":">","1399":"\\","1400":"n","1401":"\\","1402":"n","1403":"<","1404":"s","1405":"c","1406":"r","1407":"i","1408":"p","1409":"t","1410":">","1411":"\\","1412":"n","1413":"i","1414":"m","1415":"p","1416":"o","1417":"r","1418":"t","1419":" ","1420":"P","1421":"o","1422":"s","1423":"t","1424":"T","1425":"a","1426":"g","1427":" ","1428":"f","1429":"r","1430":"o","1431":"m","1432":" ","1433":"\\","1434":"\"","1435":".","1436":"/","1437":"P","1438":"o","1439":"s","1440":"t","1441":"T","1442":"a","1443":"g","1444":".","1445":"v","1446":"u","1447":"e","1448":"\\","1449":"\"","1450":";","1451":"\\","1452":"n","1453":"e","1454":"x","1455":"p","1456":"o","1457":"r","1458":"t","1459":" ","1460":"d","1461":"e","1462":"f","1463":"a","1464":"u","1465":"l","1466":"t","1467":" ","1468":"{","1469":"\\","1470":"n","1471":" ","1472":" ","1473":"c","1474":"o","1475":"m","1476":"p","1477":"o","1478":"n","1479":"e","1480":"n","1481":"t","1482":"s","1483":":","1484":" ","1485":"{","1486":" ","1487":"P","1488":"o","1489":"s","1490":"t","1491":"T","1492":"a","1493":"g","1494":" ","1495":"}","1496":",","1497":"\\","1498":"n","1499":" ","1500":" ","1501":"p","1502":"r","1503":"o","1504":"p","1505":"s","1506":":","1507":" ","1508":"{","1509":"\\","1510":"n","1511":" ","1512":" ","1513":" ","1514":" ","1515":"p","1516":"o","1517":"s","1518":"t","1519":"s","1520":":","1521":" ","1522":"{","1523":"\\","1524":"n","1525":" ","1526":" ","1527":" ","1528":" ","1529":" ","1530":" ","1531":"r","1532":"e","1533":"q","1534":"u","1535":"i","1536":"r","1537":"e","1538":"d","1539":":","1540":" ","1541":"t","1542":"r","1543":"u","1544":"e","1545":",","1546":"\\","1547":"n","1548":" ","1549":" ","1550":" ","1551":" ","1552":" ","1553":" ","1554":"t","1555":"y","1556":"p","1557":"e","1558":":","1559":" ","1560":"A","1561":"r","1562":"r","1563":"a","1564":"y","1565":",","1566":"\\","1567":"n","1568":" ","1569":" ","1570":" ","1571":" ","1572":"}","1573":",","1574":"\\","1575":"n","1576":" ","1577":" ","1578":"}","1579":",","1580":"\\","1581":"n","1582":" ","1583":" ","1584":"d","1585":"a","1586":"t","1587":"a","1588":"(","1589":")","1590":" ","1591":"{","1592":"\\","1593":"n","1594":" ","1595":" ","1596":" ","1597":" ","1598":"c","1599":"o","1600":"n","1601":"s","1602":"t","1603":" ","1604":"T","1605":"a","1606":"g","1607":"C","1608":"o","1609":"u","1610":"n","1611":"t","1612":" ","1613":"=","1614":" ","1615":"{","1616":"}","1617":";","1618":"\\","1619":"n","1620":"\\","1621":"n","1622":" ","1623":" ","1624":" ","1625":" ","1626":"f","1627":"o","1628":"r","1629":" ","1630":"(","1631":"c","1632":"o","1633":"n","1634":"s","1635":"t","1636":" ","1637":"p","1638":" ","1639":"o","1640":"f","1641":" ","1642":"t","1643":"h","1644":"i","1645":"s","1646":".","1647":"p","1648":"o","1649":"s","1650":"t","1651":"s","1652":")","1653":" ","1654":"{","1655":"\\","1656":"n","1657":" ","1658":" ","1659":" ","1660":" ","1661":" ","1662":" ","1663":"f","1664":"o","1665":"r","1666":" ","1667":"(","1668":"c","1669":"o","1670":"n","1671":"s","1672":"t","1673":" ","1674":"t","1675":"a","1676":"g","1677":" ","1678":"o","1679":"f","1680":" ","1681":"p","1682":".","1683":"t","1684":"a","1685":"g","1686":"s","1687":")","1688":" ","1689":"{","1690":"\\","1691":"n","1692":" ","1693":" ","1694":" ","1695":" ","1696":" ","1697":" ","1698":" ","1699":" ","1700":"i","1701":"f","1702":" ","1703":"(","1704":"!","1705":"T","1706":"a","1707":"g","1708":"C","1709":"o","1710":"u","1711":"n","1712":"t","1713":"[","1714":"t","1715":"a","1716":"g","1717":"]","1718":")","1719":" ","1720":"{","1721":"\\","1722":"n","1723":" ","1724":" ","1725":" ","1726":" ","1727":" ","1728":" ","1729":" ","1730":" ","1731":" ","1732":" ","1733":"T","1734":"a","1735":"g","1736":"C","1737":"o","1738":"u","1739":"n","1740":"t","1741":"[","1742":"t","1743":"a","1744":"g","1745":"]","1746":" ","1747":"=","1748":" ","1749":"0","1750":";","1751":"\\","1752":"n","1753":" ","1754":" ","1755":" ","1756":" ","1757":" ","1758":" ","1759":" ","1760":" ","1761":"}","1762":"\\","1763":"n","1764":" ","1765":" ","1766":" ","1767":" ","1768":" ","1769":" ","1770":" ","1771":" ","1772":"T","1773":"a","1774":"g","1775":"C","1776":"o","1777":"u","1778":"n","1779":"t","1780":"[","1781":"t","1782":"a","1783":"g","1784":"]","1785":" ","1786":"=","1787":" ","1788":"T","1789":"a","1790":"g","1791":"C","1792":"o","1793":"u","1794":"n","1795":"t","1796":"[","1797":"t","1798":"a","1799":"g","1800":"]","1801":" ","1802":"+","1803":" ","1804":"1","1805":";","1806":"\\","1807":"n","1808":" ","1809":" ","1810":" ","1811":" ","1812":" ","1813":" ","1814":"}","1815":"\\","1816":"n","1817":" ","1818":" ","1819":" ","1820":" ","1821":"}","1822":"\\","1823":"n","1824":" ","1825":" ","1826":" ","1827":" ","1828":"c","1829":"o","1830":"n","1831":"s","1832":"t","1833":" ","1834":"O","1835":"r","1836":"g","1837":"a","1838":"n","1839":"i","1840":"z","1841":"e","1842":"d","1843":"T","1844":"a","1845":"g","1846":"s","1847":" ","1848":"=","1849":" ","1850":"O","1851":"b","1852":"j","1853":"e","1854":"c","1855":"t","1856":".","1857":"k","1858":"e","1859":"y","1860":"s","1861":"(","1862":"T","1863":"a","1864":"g","1865":"C","1866":"o","1867":"u","1868":"n","1869":"t","1870":")","1871":";","1872":"\\","1873":"n","1874":" ","1875":" ","1876":" ","1877":" ","1878":"O","1879":"r","1880":"g","1881":"a","1882":"n","1883":"i","1884":"z","1885":"e","1886":"d","1887":"T","1888":"a","1889":"g","1890":"s","1891":".","1892":"s","1893":"o","1894":"r","1895":"t","1896":"(","1897":"(","1898":"t","1899":"a","1900":"g","1901":"1","1902":",","1903":" ","1904":"t","1905":"a","1906":"g","1907":"2","1908":")","1909":" ","1910":"=","1911":">","1912":" ","1913":"{","1914":"\\","1915":"n","1916":" ","1917":" ","1918":" ","1919":" ","1920":" ","1921":" ","1922":"i","1923":"f","1924":" ","1925":"(","1926":"t","1927":"a","1928":"g","1929":"1","1930":" ","1931":"=","1932":"=","1933":"=","1934":" ","1935":"\\","1936":"\"","1937":"★","1938":"\\","1939":"\"","1940":")","1941":" ","1942":"{","1943":"\\","1944":"n","1945":" ","1946":" ","1947":" ","1948":" ","1949":" ","1950":" ","1951":" ","1952":" ","1953":"r","1954":"e","1955":"t","1956":"u","1957":"r","1958":"n","1959":" ","1960":"-","1961":"1","1962":";","1963":"\\","1964":"n","1965":" ","1966":" ","1967":" ","1968":" ","1969":" ","1970":" ","1971":"}","1972":" ","1973":"e","1974":"l","1975":"s","1976":"e","1977":" ","1978":"i","1979":"f","1980":" ","1981":"(","1982":"t","1983":"a","1984":"g","1985":"2","1986":" ","1987":"=","1988":"=","1989":"=","1990":" ","1991":"\\","1992":"\"","1993":"★","1994":"\\","1995":"\"","1996":")","1997":" ","1998":"{","1999":"\\","2000":"n","2001":" ","2002":" ","2003":" ","2004":" ","2005":" ","2006":" ","2007":" ","2008":" ","2009":"r","2010":"e","2011":"t","2012":"u","2013":"r","2014":"n","2015":" ","2016":"1","2017":";","2018":"\\","2019":"n","2020":" ","2021":" ","2022":" ","2023":" ","2024":" ","2025":" ","2026":"}","2027":"\\","2028":"n","2029":" ","2030":" ","2031":" ","2032":" ","2033":" ","2034":" ","2035":"r","2036":"e","2037":"t","2038":"u","2039":"r","2040":"n","2041":" ","2042":"T","2043":"a","2044":"g","2045":"C","2046":"o","2047":"u","2048":"n","2049":"t","2050":"[","2051":"t","2052":"a","2053":"g","2054":"2","2055":"]","2056":" ","2057":"-","2058":" ","2059":"T","2060":"a","2061":"g","2062":"C","2063":"o","2064":"u","2065":"n","2066":"t","2067":"[","2068":"t","2069":"a","2070":"g","2071":"1","2072":"]","2073":";","2074":"\\","2075":"n","2076":" ","2077":" ","2078":" ","2079":" ","2080":"}","2081":")","2082":";","2083":"\\","2084":"n","2085":"\\","2086":"n","2087":" ","2088":" ","2089":" ","2090":" ","2091":"r","2092":"e","2093":"t","2094":"u","2095":"r","2096":"n","2097":" ","2098":"{","2099":"\\","2100":"n","2101":" ","2102":" ","2103":" ","2104":" ","2105":" ","2106":" ","2107":"O","2108":"r","2109":"g","2110":"a","2111":"n","2112":"i","2113":"z","2114":"e","2115":"d","2116":"T","2117":"a","2118":"g","2119":"s","2120":",","2121":"\\","2122":"n","2123":" ","2124":" ","2125":" ","2126":" ","2127":"}","2128":";","2129":"\\","2130":"n","2131":" ","2132":" ","2133":"}","2134":",","2135":"\\","2136":"n","2137":"}","2138":";","2139":"\\","2140":"n","2141":"<","2142":"/","2143":"s","2144":"c","2145":"r","2146":"i","2147":"p","2148":"t","2149":">","2150":"\\","2151":"n","2152":"\"","2153":"]","2154":"}"},"_coverageSchema":"1a1c01bbd47fc00a2c39e90264f33305004495a9","hash":"0d1c8122548af452973427523e8a9f28f215a466"}
,"/home/samerius/Portfolio/portfolio/src/store/index.js": {"path":"/home/samerius/Portfolio/portfolio/src/store/index.js","statementMap":{"0":{"start":{"line":9,"column":6},"end":{"line":9,"column":34}},"1":{"start":{"line":12,"column":6},"end":{"line":12,"column":69}},"2":{"start":{"line":12,"column":58},"end":{"line":12,"column":67}}},"fnMap":{"0":{"name":"(anonymous_0)","decl":{"start":{"line":8,"column":4},"end":{"line":8,"column":5}},"loc":{"start":{"line":8,"column":24},"end":{"line":10,"column":5}},"line":8},"1":{"name":"(anonymous_1)","decl":{"start":{"line":11,"column":4},"end":{"line":11,"column":5}},"loc":{"start":{"line":11,"column":27},"end":{"line":13,"column":5}},"line":11},"2":{"name":"(anonymous_2)","decl":{"start":{"line":12,"column":51},"end":{"line":12,"column":52}},"loc":{"start":{"line":12,"column":58},"end":{"line":12,"column":67}},"line":12}},"branchMap":{},"s":{"0":1,"1":1,"2":1},"f":{"0":1,"1":1,"2":1},"b":{},"_coverageSchema":"1a1c01bbd47fc00a2c39e90264f33305004495a9","hash":"8d9161727691f892d119c27a16a3bdb8620ff45a"}
}
