TN:
SF:src/components/AboutMe.vue
FNF:0
FNH:0
DA:10,0
LF:1
LH:0
BRF:0
BRH:0
end_of_record
TN:
SF:src/components/BaseHeader.vue
FNF:0
FNH:0
DA:10,1
LF:1
LH:1
BRF:0
BRH:0
end_of_record
TN:
SF:src/components/BaseSidebar.vue
FN:78,(anonymous_0)
FN:88,(anonymous_1)
FN:90,(anonymous_2)
FNF:3
FNH:3
FNDA:3,(anonymous_0)
FNDA:7,(anonymous_1)
FNDA:1,(anonymous_2)
DA:66,1
DA:77,1
DA:79,3
DA:89,7
DA:90,4
DA:91,1
DA:94,3
LF:7
LH:7
BRDA:89,0,0,4
BRDA:89,0,1,3
BRF:2
BRH:2
end_of_record
TN:
SF:src/components/PostTag.vue
FN:22,(anonymous_0)
FN:25,(anonymous_1)
FN:42,(anonymous_2)
FNF:3
FNH:3
FNDA:11,(anonymous_0)
FNDA:11,(anonymous_1)
FNDA:2,(anonymous_2)
DA:14,3
DA:23,11
DA:26,11
DA:28,11
DA:31,11
DA:38,11
DA:43,2
LF:7
LH:7
BRDA:28,0,0,3
BRDA:28,0,1,8
BRDA:32,1,0,3
BRDA:32,1,1,8
BRDA:34,2,0,3
BRDA:34,2,1,5
BRDA:43,3,0,1
BRDA:43,3,1,1
BRF:8
BRH:8
end_of_record
TN:
SF:src/store/index.js
FN:8,(anonymous_0)
FN:11,(anonymous_1)
FN:12,(anonymous_2)
FNF:3
FNH:3
FNDA:1,(anonymous_0)
FNDA:1,(anonymous_1)
FNDA:1,(anonymous_2)
DA:9,1
DA:12,1
LF:2
LH:2
BRF:0
BRH:0
end_of_record
